2025-02-27 12:03:57,875 - INFO - Starting training process...
2025-02-27 12:03:57,875 - INFO - Logs will be saved to: logs/training_20250227_120357.log
2025-02-27 12:03:57,875 - INFO - Models will be saved to: models/run_20250227_120357
2025-02-27 12:03:57,875 - INFO - Loading data from full_patient_dataset.csv...
2025-02-27 12:04:00,339 - INFO - Dataset sizes:
2025-02-27 12:04:00,339 - INFO - Training samples: 705217
2025-02-27 12:04:00,339 - INFO - Validation samples: 147939
2025-02-27 12:04:00,339 - INFO - Test samples: 188754
2025-02-27 12:04:00,339 - INFO - Initializing model...
2025-02-27 12:04:00,362 - INFO - Using device: mps
2025-02-27 12:04:01,092 - ERROR - Error in training batch 0: Expected all tensors to be on the same device, but found at least two devices, mps:0 and cpu!
2025-02-27 12:04:02,951 - ERROR - Error in training batch 100: Expected all tensors to be on the same device, but found at least two devices, mps:0 and cpu!
2025-02-27 12:04:04,291 - ERROR - Error in training batch 200: Expected all tensors to be on the same device, but found at least two devices, mps:0 and cpu!
2025-02-27 12:04:05,581 - ERROR - Error in training batch 300: Expected all tensors to be on the same device, but found at least two devices, mps:0 and cpu!
2025-02-27 12:04:06,905 - ERROR - Error in training batch 400: Expected all tensors to be on the same device, but found at least two devices, mps:0 and cpu!
2025-02-27 12:04:08,216 - ERROR - Error in training batch 500: Expected all tensors to be on the same device, but found at least two devices, mps:0 and cpu!
2025-02-27 12:04:09,554 - ERROR - Error in training batch 600: Expected all tensors to be on the same device, but found at least two devices, mps:0 and cpu!
2025-02-27 12:04:10,887 - ERROR - Error in training batch 700: Expected all tensors to be on the same device, but found at least two devices, mps:0 and cpu!
2025-02-27 12:04:12,253 - ERROR - Error in training batch 800: Expected all tensors to be on the same device, but found at least two devices, mps:0 and cpu!
2025-02-27 12:04:13,591 - ERROR - Error in training batch 900: Expected all tensors to be on the same device, but found at least two devices, mps:0 and cpu!
2025-02-27 12:04:15,031 - ERROR - Error in training batch 1000: Expected all tensors to be on the same device, but found at least two devices, mps:0 and cpu!
2025-02-27 12:04:16,379 - ERROR - Error in training batch 1100: Expected all tensors to be on the same device, but found at least two devices, mps:0 and cpu!
2025-02-27 12:04:17,719 - ERROR - Error in training batch 1200: Expected all tensors to be on the same device, but found at least two devices, mps:0 and cpu!
2025-02-27 12:04:18,981 - ERROR - Error in training batch 1300: Expected all tensors to be on the same device, but found at least two devices, mps:0 and cpu!
2025-02-27 12:04:20,218 - ERROR - Error in training batch 1400: Expected all tensors to be on the same device, but found at least two devices, mps:0 and cpu!
2025-02-27 12:04:21,451 - ERROR - Error in training batch 1500: Expected all tensors to be on the same device, but found at least two devices, mps:0 and cpu!
2025-02-27 12:04:22,801 - ERROR - Error in training batch 1600: Expected all tensors to be on the same device, but found at least two devices, mps:0 and cpu!
2025-02-27 12:04:24,146 - ERROR - Error in training batch 1700: Expected all tensors to be on the same device, but found at least two devices, mps:0 and cpu!
2025-02-27 12:04:25,377 - ERROR - Error in training batch 1800: Expected all tensors to be on the same device, but found at least two devices, mps:0 and cpu!
2025-02-27 12:04:26,723 - ERROR - Error in training batch 1900: Expected all tensors to be on the same device, but found at least two devices, mps:0 and cpu!
2025-02-27 12:04:28,064 - ERROR - Error in training batch 2000: Expected all tensors to be on the same device, but found at least two devices, mps:0 and cpu!
2025-02-27 12:04:29,416 - ERROR - Error in training batch 2100: Expected all tensors to be on the same device, but found at least two devices, mps:0 and cpu!
2025-02-27 12:04:30,789 - ERROR - Error in training batch 2200: Expected all tensors to be on the same device, but found at least two devices, mps:0 and cpu!
2025-02-27 12:04:32,130 - ERROR - Error in training batch 2300: Expected all tensors to be on the same device, but found at least two devices, mps:0 and cpu!
2025-02-27 12:04:33,486 - ERROR - Error in training batch 2400: Expected all tensors to be on the same device, but found at least two devices, mps:0 and cpu!
2025-02-27 12:04:34,847 - ERROR - Error in training batch 2500: Expected all tensors to be on the same device, but found at least two devices, mps:0 and cpu!
2025-02-27 12:04:36,232 - ERROR - Error in training batch 2600: Expected all tensors to be on the same device, but found at least two devices, mps:0 and cpu!
2025-02-27 12:04:37,534 - ERROR - Error in training batch 2700: Expected all tensors to be on the same device, but found at least two devices, mps:0 and cpu!
2025-02-27 12:04:38,889 - ERROR - Error in training batch 2800: Expected all tensors to be on the same device, but found at least two devices, mps:0 and cpu!
2025-02-27 12:04:40,245 - ERROR - Error in training batch 2900: Expected all tensors to be on the same device, but found at least two devices, mps:0 and cpu!
2025-02-27 12:04:41,604 - ERROR - Error in training batch 3000: Expected all tensors to be on the same device, but found at least two devices, mps:0 and cpu!
2025-02-27 12:04:42,846 - ERROR - Error in training batch 3100: Expected all tensors to be on the same device, but found at least two devices, mps:0 and cpu!
2025-02-27 12:04:44,199 - ERROR - Error in training batch 3200: Expected all tensors to be on the same device, but found at least two devices, mps:0 and cpu!
2025-02-27 12:04:45,543 - ERROR - Error in training batch 3300: Expected all tensors to be on the same device, but found at least two devices, mps:0 and cpu!
2025-02-27 12:04:46,935 - ERROR - Error in training batch 3400: Expected all tensors to be on the same device, but found at least two devices, mps:0 and cpu!
2025-02-27 12:04:48,382 - ERROR - Error in training batch 3500: Expected all tensors to be on the same device, but found at least two devices, mps:0 and cpu!
2025-02-27 12:04:49,707 - ERROR - Error in training batch 3600: Expected all tensors to be on the same device, but found at least two devices, mps:0 and cpu!
2025-02-27 12:04:51,027 - ERROR - Error in training batch 3700: Expected all tensors to be on the same device, but found at least two devices, mps:0 and cpu!
2025-02-27 12:04:52,363 - ERROR - Error in training batch 3800: Expected all tensors to be on the same device, but found at least two devices, mps:0 and cpu!
2025-02-27 12:04:53,742 - ERROR - Error in training batch 3900: Expected all tensors to be on the same device, but found at least two devices, mps:0 and cpu!
2025-02-27 12:04:55,135 - ERROR - Error in training batch 4000: Expected all tensors to be on the same device, but found at least two devices, mps:0 and cpu!
2025-02-27 12:04:56,490 - ERROR - Error in training batch 4100: Expected all tensors to be on the same device, but found at least two devices, mps:0 and cpu!
2025-02-27 12:04:57,834 - ERROR - Error in training batch 4200: Expected all tensors to be on the same device, but found at least two devices, mps:0 and cpu!
2025-02-27 12:04:59,188 - ERROR - Error in training batch 4300: Expected all tensors to be on the same device, but found at least two devices, mps:0 and cpu!
2025-02-27 12:05:00,514 - ERROR - Error in training batch 4400: Expected all tensors to be on the same device, but found at least two devices, mps:0 and cpu!
2025-02-27 12:05:01,836 - ERROR - Error in training batch 4500: Expected all tensors to be on the same device, but found at least two devices, mps:0 and cpu!
2025-02-27 12:05:03,183 - ERROR - Error in training batch 4600: Expected all tensors to be on the same device, but found at least two devices, mps:0 and cpu!
2025-02-27 12:05:04,575 - ERROR - Error in training batch 4700: Expected all tensors to be on the same device, but found at least two devices, mps:0 and cpu!
2025-02-27 12:05:05,949 - ERROR - Error in training batch 4800: Expected all tensors to be on the same device, but found at least two devices, mps:0 and cpu!
2025-02-27 12:05:07,282 - ERROR - Error in training batch 4900: Expected all tensors to be on the same device, but found at least two devices, mps:0 and cpu!
2025-02-27 12:05:08,604 - ERROR - Error in training batch 5000: Expected all tensors to be on the same device, but found at least two devices, mps:0 and cpu!
2025-02-27 12:05:09,810 - ERROR - Error in training batch 5100: Expected all tensors to be on the same device, but found at least two devices, mps:0 and cpu!
2025-02-27 12:05:11,176 - ERROR - Error in training batch 5200: Expected all tensors to be on the same device, but found at least two devices, mps:0 and cpu!
2025-02-27 12:05:12,518 - ERROR - Error in training batch 5300: Expected all tensors to be on the same device, but found at least two devices, mps:0 and cpu!
2025-02-27 12:05:13,870 - ERROR - Error in training batch 5400: Expected all tensors to be on the same device, but found at least two devices, mps:0 and cpu!
2025-02-27 12:05:15,219 - ERROR - Error in training batch 5500: Expected all tensors to be on the same device, but found at least two devices, mps:0 and cpu!
2025-02-27 12:05:16,638 - ERROR - Error in training batch 5600: Expected all tensors to be on the same device, but found at least two devices, mps:0 and cpu!
2025-02-27 12:05:18,065 - ERROR - Error in training batch 5700: Expected all tensors to be on the same device, but found at least two devices, mps:0 and cpu!
2025-02-27 12:05:19,485 - ERROR - Error in training batch 5800: Expected all tensors to be on the same device, but found at least two devices, mps:0 and cpu!
2025-02-27 12:05:20,903 - ERROR - Error in training batch 5900: Expected all tensors to be on the same device, but found at least two devices, mps:0 and cpu!
2025-02-27 12:05:22,298 - ERROR - Error in training batch 6000: Expected all tensors to be on the same device, but found at least two devices, mps:0 and cpu!
2025-02-27 12:05:23,652 - ERROR - Error in training batch 6100: Expected all tensors to be on the same device, but found at least two devices, mps:0 and cpu!
2025-02-27 12:05:25,017 - ERROR - Error in training batch 6200: Expected all tensors to be on the same device, but found at least two devices, mps:0 and cpu!
2025-02-27 12:05:26,354 - ERROR - Error in training batch 6300: Expected all tensors to be on the same device, but found at least two devices, mps:0 and cpu!
2025-02-27 12:05:27,673 - ERROR - Error in training batch 6400: Expected all tensors to be on the same device, but found at least two devices, mps:0 and cpu!
2025-02-27 12:05:28,947 - ERROR - Error in training batch 6500: Expected all tensors to be on the same device, but found at least two devices, mps:0 and cpu!
2025-02-27 12:05:30,273 - ERROR - Error in training batch 6600: Expected all tensors to be on the same device, but found at least two devices, mps:0 and cpu!
2025-02-27 12:05:31,569 - ERROR - Error in training batch 6700: Expected all tensors to be on the same device, but found at least two devices, mps:0 and cpu!
2025-02-27 12:05:32,874 - ERROR - Error in training batch 6800: Expected all tensors to be on the same device, but found at least two devices, mps:0 and cpu!
2025-02-27 12:05:34,136 - ERROR - Error in training batch 6900: Expected all tensors to be on the same device, but found at least two devices, mps:0 and cpu!
2025-02-27 12:05:35,377 - ERROR - Error in training batch 7000: Expected all tensors to be on the same device, but found at least two devices, mps:0 and cpu!
2025-02-27 12:05:36,775 - ERROR - Error in training batch 7100: Expected all tensors to be on the same device, but found at least two devices, mps:0 and cpu!
2025-02-27 12:05:38,148 - ERROR - Error in training batch 7200: Expected all tensors to be on the same device, but found at least two devices, mps:0 and cpu!
2025-02-27 12:05:39,504 - ERROR - Error in training batch 7300: Expected all tensors to be on the same device, but found at least two devices, mps:0 and cpu!
2025-02-27 12:05:40,848 - ERROR - Error in training batch 7400: Expected all tensors to be on the same device, but found at least two devices, mps:0 and cpu!
2025-02-27 12:05:42,207 - ERROR - Error in training batch 7500: Expected all tensors to be on the same device, but found at least two devices, mps:0 and cpu!
2025-02-27 12:05:43,578 - ERROR - Error in training batch 7600: Expected all tensors to be on the same device, but found at least two devices, mps:0 and cpu!
2025-02-27 12:05:44,924 - ERROR - Error in training batch 7700: Expected all tensors to be on the same device, but found at least two devices, mps:0 and cpu!
2025-02-27 12:05:46,287 - ERROR - Error in training batch 7800: Expected all tensors to be on the same device, but found at least two devices, mps:0 and cpu!
2025-02-27 12:05:47,683 - ERROR - Error in training batch 7900: Expected all tensors to be on the same device, but found at least two devices, mps:0 and cpu!
2025-02-27 12:05:49,033 - ERROR - Error in training batch 8000: Expected all tensors to be on the same device, but found at least two devices, mps:0 and cpu!
2025-02-27 12:05:50,403 - ERROR - Error in training batch 8100: Expected all tensors to be on the same device, but found at least two devices, mps:0 and cpu!
2025-02-27 12:05:51,697 - ERROR - Error in training batch 8200: Expected all tensors to be on the same device, but found at least two devices, mps:0 and cpu!
2025-02-27 12:05:53,040 - ERROR - Error in training batch 8300: Expected all tensors to be on the same device, but found at least two devices, mps:0 and cpu!
2025-02-27 12:05:54,291 - ERROR - Error in training batch 8400: Expected all tensors to be on the same device, but found at least two devices, mps:0 and cpu!
2025-02-27 12:05:55,595 - ERROR - Error in training batch 8500: Expected all tensors to be on the same device, but found at least two devices, mps:0 and cpu!
2025-02-27 12:05:56,946 - ERROR - Error in training batch 8600: Expected all tensors to be on the same device, but found at least two devices, mps:0 and cpu!
2025-02-27 12:05:58,447 - ERROR - Error in training batch 8700: Expected all tensors to be on the same device, but found at least two devices, mps:0 and cpu!
2025-02-27 12:05:59,725 - ERROR - Error in training batch 8800: Expected all tensors to be on the same device, but found at least two devices, mps:0 and cpu!
2025-02-27 12:06:01,073 - ERROR - Error in training batch 8900: Expected all tensors to be on the same device, but found at least two devices, mps:0 and cpu!
2025-02-27 12:06:02,482 - ERROR - Error in training batch 9000: Expected all tensors to be on the same device, but found at least two devices, mps:0 and cpu!
2025-02-27 12:06:03,853 - ERROR - Error in training batch 9100: Expected all tensors to be on the same device, but found at least two devices, mps:0 and cpu!
2025-02-27 12:06:05,215 - ERROR - Error in training batch 9200: Expected all tensors to be on the same device, but found at least two devices, mps:0 and cpu!
2025-02-27 12:06:06,576 - ERROR - Error in training batch 9300: Expected all tensors to be on the same device, but found at least two devices, mps:0 and cpu!
2025-02-27 12:06:07,922 - ERROR - Error in training batch 9400: Expected all tensors to be on the same device, but found at least two devices, mps:0 and cpu!
2025-02-27 12:06:09,299 - ERROR - Error in training batch 9500: Expected all tensors to be on the same device, but found at least two devices, mps:0 and cpu!
2025-02-27 12:06:10,658 - ERROR - Error in training batch 9600: Expected all tensors to be on the same device, but found at least two devices, mps:0 and cpu!
2025-02-27 12:06:12,024 - ERROR - Error in training batch 9700: Expected all tensors to be on the same device, but found at least two devices, mps:0 and cpu!
2025-02-27 12:06:13,365 - ERROR - Error in training batch 9800: Expected all tensors to be on the same device, but found at least two devices, mps:0 and cpu!
2025-02-27 12:06:14,778 - ERROR - Error in training batch 9900: Expected all tensors to be on the same device, but found at least two devices, mps:0 and cpu!
2025-02-27 12:06:16,132 - ERROR - Error in training batch 10000: Expected all tensors to be on the same device, but found at least two devices, mps:0 and cpu!
2025-02-27 12:06:17,499 - ERROR - Error in training batch 10100: Expected all tensors to be on the same device, but found at least two devices, mps:0 and cpu!
2025-02-27 12:06:18,851 - ERROR - Error in training batch 10200: Expected all tensors to be on the same device, but found at least two devices, mps:0 and cpu!
2025-02-27 12:06:20,077 - ERROR - Error in training batch 10300: Expected all tensors to be on the same device, but found at least two devices, mps:0 and cpu!
2025-02-27 12:06:21,421 - ERROR - Error in training batch 10400: Expected all tensors to be on the same device, but found at least two devices, mps:0 and cpu!
2025-02-27 12:06:22,767 - ERROR - Error in training batch 10500: Expected all tensors to be on the same device, but found at least two devices, mps:0 and cpu!
2025-02-27 12:06:24,117 - ERROR - Error in training batch 10600: Expected all tensors to be on the same device, but found at least two devices, mps:0 and cpu!
2025-02-27 12:06:25,524 - ERROR - Error in training batch 10700: Expected all tensors to be on the same device, but found at least two devices, mps:0 and cpu!
2025-02-27 12:06:26,839 - ERROR - Error in training batch 10800: Expected all tensors to be on the same device, but found at least two devices, mps:0 and cpu!
2025-02-27 12:06:28,247 - ERROR - Error in training batch 10900: Expected all tensors to be on the same device, but found at least two devices, mps:0 and cpu!
2025-02-27 12:06:29,580 - ERROR - Error in training batch 11000: Expected all tensors to be on the same device, but found at least two devices, mps:0 and cpu!
2025-02-27 12:06:30,908 - ERROR - Error in training batch 11100: Expected all tensors to be on the same device, but found at least two devices, mps:0 and cpu!
2025-02-27 12:06:32,213 - ERROR - Error in training batch 11200: Expected all tensors to be on the same device, but found at least two devices, mps:0 and cpu!
2025-02-27 12:06:33,517 - ERROR - Error in training batch 11300: Expected all tensors to be on the same device, but found at least two devices, mps:0 and cpu!
2025-02-27 12:06:34,803 - ERROR - Error in training batch 11400: Expected all tensors to be on the same device, but found at least two devices, mps:0 and cpu!
2025-02-27 12:06:36,104 - ERROR - Error in training batch 11500: Expected all tensors to be on the same device, but found at least two devices, mps:0 and cpu!
2025-02-27 12:06:37,434 - ERROR - Error in training batch 11600: Expected all tensors to be on the same device, but found at least two devices, mps:0 and cpu!
2025-02-27 12:06:38,795 - ERROR - Error in training batch 11700: Expected all tensors to be on the same device, but found at least two devices, mps:0 and cpu!
2025-02-27 12:06:40,107 - ERROR - Error in training batch 11800: Expected all tensors to be on the same device, but found at least two devices, mps:0 and cpu!
2025-02-27 12:06:41,440 - ERROR - Error in training batch 11900: Expected all tensors to be on the same device, but found at least two devices, mps:0 and cpu!
2025-02-27 12:06:42,765 - ERROR - Error in training batch 12000: Expected all tensors to be on the same device, but found at least two devices, mps:0 and cpu!
2025-02-27 12:06:44,186 - ERROR - Error in training batch 12100: Expected all tensors to be on the same device, but found at least two devices, mps:0 and cpu!
2025-02-27 12:06:45,525 - ERROR - Error in training batch 12200: Expected all tensors to be on the same device, but found at least two devices, mps:0 and cpu!
2025-02-27 12:06:46,808 - ERROR - Error in training batch 12300: Expected all tensors to be on the same device, but found at least two devices, mps:0 and cpu!
2025-02-27 12:06:48,160 - ERROR - Error in training batch 12400: Expected all tensors to be on the same device, but found at least two devices, mps:0 and cpu!
2025-02-27 12:06:49,501 - ERROR - Error in training batch 12500: Expected all tensors to be on the same device, but found at least two devices, mps:0 and cpu!
2025-02-27 12:06:50,861 - ERROR - Error in training batch 12600: Expected all tensors to be on the same device, but found at least two devices, mps:0 and cpu!
2025-02-27 12:06:52,121 - ERROR - Error in training batch 12700: Expected all tensors to be on the same device, but found at least two devices, mps:0 and cpu!
2025-02-27 12:06:53,525 - ERROR - Error in training batch 12800: Expected all tensors to be on the same device, but found at least two devices, mps:0 and cpu!
2025-02-27 12:06:54,875 - ERROR - Error in training batch 12900: Expected all tensors to be on the same device, but found at least two devices, mps:0 and cpu!
2025-02-27 12:06:56,233 - ERROR - Error in training batch 13000: Expected all tensors to be on the same device, but found at least two devices, mps:0 and cpu!
2025-02-27 12:06:57,588 - ERROR - Error in training batch 13100: Expected all tensors to be on the same device, but found at least two devices, mps:0 and cpu!
2025-02-27 12:06:58,870 - ERROR - Error in training batch 13200: Expected all tensors to be on the same device, but found at least two devices, mps:0 and cpu!
2025-02-27 12:07:00,207 - ERROR - Error in training batch 13300: Expected all tensors to be on the same device, but found at least two devices, mps:0 and cpu!
2025-02-27 12:07:01,466 - ERROR - Error in training batch 13400: Expected all tensors to be on the same device, but found at least two devices, mps:0 and cpu!
2025-02-27 12:07:02,846 - ERROR - Error in training batch 13500: Expected all tensors to be on the same device, but found at least two devices, mps:0 and cpu!
2025-02-27 12:07:04,261 - ERROR - Error in training batch 13600: Expected all tensors to be on the same device, but found at least two devices, mps:0 and cpu!
2025-02-27 12:07:05,579 - ERROR - Error in training batch 13700: Expected all tensors to be on the same device, but found at least two devices, mps:0 and cpu!
2025-02-27 12:07:06,809 - ERROR - Error in training batch 13800: Expected all tensors to be on the same device, but found at least two devices, mps:0 and cpu!
2025-02-27 12:07:08,180 - ERROR - Error in training batch 13900: Expected all tensors to be on the same device, but found at least two devices, mps:0 and cpu!
2025-02-27 12:07:09,445 - ERROR - Error in training batch 14000: Expected all tensors to be on the same device, but found at least two devices, mps:0 and cpu!
2025-02-27 12:07:10,801 - ERROR - Error in training batch 14100: Expected all tensors to be on the same device, but found at least two devices, mps:0 and cpu!
2025-02-27 12:07:12,181 - ERROR - Error in training batch 14200: Expected all tensors to be on the same device, but found at least two devices, mps:0 and cpu!
2025-02-27 12:07:13,494 - ERROR - Error in training batch 14300: Expected all tensors to be on the same device, but found at least two devices, mps:0 and cpu!
2025-02-27 12:07:14,854 - ERROR - Error in training batch 14400: Expected all tensors to be on the same device, but found at least two devices, mps:0 and cpu!
2025-02-27 12:07:16,234 - ERROR - Error in training batch 14500: Expected all tensors to be on the same device, but found at least two devices, mps:0 and cpu!
2025-02-27 12:07:17,590 - ERROR - Error in training batch 14600: Expected all tensors to be on the same device, but found at least two devices, mps:0 and cpu!
2025-02-27 12:07:18,946 - ERROR - Error in training batch 14700: Expected all tensors to be on the same device, but found at least two devices, mps:0 and cpu!
2025-02-27 12:07:20,311 - ERROR - Error in training batch 14800: Expected all tensors to be on the same device, but found at least two devices, mps:0 and cpu!
2025-02-27 12:07:21,663 - ERROR - Error in training batch 14900: Expected all tensors to be on the same device, but found at least two devices, mps:0 and cpu!
2025-02-27 12:07:23,023 - ERROR - Error in training batch 15000: Expected all tensors to be on the same device, but found at least two devices, mps:0 and cpu!
2025-02-27 12:07:24,397 - ERROR - Error in training batch 15100: Expected all tensors to be on the same device, but found at least two devices, mps:0 and cpu!
2025-02-27 12:07:25,804 - ERROR - Error in training batch 15200: Expected all tensors to be on the same device, but found at least two devices, mps:0 and cpu!
2025-02-27 12:07:27,171 - ERROR - Error in training batch 15300: Expected all tensors to be on the same device, but found at least two devices, mps:0 and cpu!
2025-02-27 12:07:28,539 - ERROR - Error in training batch 15400: Expected all tensors to be on the same device, but found at least two devices, mps:0 and cpu!
2025-02-27 12:07:29,901 - ERROR - Error in training batch 15500: Expected all tensors to be on the same device, but found at least two devices, mps:0 and cpu!
2025-02-27 12:07:31,261 - ERROR - Error in training batch 15600: Expected all tensors to be on the same device, but found at least two devices, mps:0 and cpu!
2025-02-27 12:07:32,618 - ERROR - Error in training batch 15700: Expected all tensors to be on the same device, but found at least two devices, mps:0 and cpu!
2025-02-27 12:07:33,985 - ERROR - Error in training batch 15800: Expected all tensors to be on the same device, but found at least two devices, mps:0 and cpu!
2025-02-27 12:07:35,359 - ERROR - Error in training batch 15900: Expected all tensors to be on the same device, but found at least two devices, mps:0 and cpu!
2025-02-27 12:07:36,734 - ERROR - Error in training batch 16000: Expected all tensors to be on the same device, but found at least two devices, mps:0 and cpu!
2025-02-27 12:07:38,030 - ERROR - Error in training batch 16100: Expected all tensors to be on the same device, but found at least two devices, mps:0 and cpu!
2025-02-27 12:07:39,400 - ERROR - Error in training batch 16200: Expected all tensors to be on the same device, but found at least two devices, mps:0 and cpu!
2025-02-27 12:07:40,761 - ERROR - Error in training batch 16300: Expected all tensors to be on the same device, but found at least two devices, mps:0 and cpu!
2025-02-27 12:07:42,123 - ERROR - Error in training batch 16400: Expected all tensors to be on the same device, but found at least two devices, mps:0 and cpu!
2025-02-27 12:07:43,493 - ERROR - Error in training batch 16500: Expected all tensors to be on the same device, but found at least two devices, mps:0 and cpu!
2025-02-27 12:07:44,873 - ERROR - Error in training batch 16600: Expected all tensors to be on the same device, but found at least two devices, mps:0 and cpu!
2025-02-27 12:07:46,251 - ERROR - Error in training batch 16700: Expected all tensors to be on the same device, but found at least two devices, mps:0 and cpu!
2025-02-27 12:07:47,610 - ERROR - Error in training batch 16800: Expected all tensors to be on the same device, but found at least two devices, mps:0 and cpu!
2025-02-27 12:07:48,964 - ERROR - Error in training batch 16900: Expected all tensors to be on the same device, but found at least two devices, mps:0 and cpu!
2025-02-27 12:07:50,319 - ERROR - Error in training batch 17000: Expected all tensors to be on the same device, but found at least two devices, mps:0 and cpu!
2025-02-27 12:07:51,678 - ERROR - Error in training batch 17100: Expected all tensors to be on the same device, but found at least two devices, mps:0 and cpu!
2025-02-27 12:07:53,044 - ERROR - Error in training batch 17200: Expected all tensors to be on the same device, but found at least two devices, mps:0 and cpu!
2025-02-27 12:07:54,423 - ERROR - Error in training batch 17300: Expected all tensors to be on the same device, but found at least two devices, mps:0 and cpu!
2025-02-27 12:07:55,786 - ERROR - Error in training batch 17400: Expected all tensors to be on the same device, but found at least two devices, mps:0 and cpu!
2025-02-27 12:07:57,148 - ERROR - Error in training batch 17500: Expected all tensors to be on the same device, but found at least two devices, mps:0 and cpu!
2025-02-27 12:07:58,517 - ERROR - Error in training batch 17600: Expected all tensors to be on the same device, but found at least two devices, mps:0 and cpu!
2025-02-27 12:07:59,887 - ERROR - Error in training batch 17700: Expected all tensors to be on the same device, but found at least two devices, mps:0 and cpu!
2025-02-27 12:08:01,278 - ERROR - Error in training batch 17800: Expected all tensors to be on the same device, but found at least two devices, mps:0 and cpu!
2025-02-27 12:08:02,648 - ERROR - Error in training batch 17900: Expected all tensors to be on the same device, but found at least two devices, mps:0 and cpu!
2025-02-27 12:08:04,011 - ERROR - Error in training batch 18000: Expected all tensors to be on the same device, but found at least two devices, mps:0 and cpu!
2025-02-27 12:08:05,371 - ERROR - Error in training batch 18100: Expected all tensors to be on the same device, but found at least two devices, mps:0 and cpu!
2025-02-27 12:08:06,743 - ERROR - Error in training batch 18200: Expected all tensors to be on the same device, but found at least two devices, mps:0 and cpu!
2025-02-27 12:08:08,128 - ERROR - Error in training batch 18300: Expected all tensors to be on the same device, but found at least two devices, mps:0 and cpu!
2025-02-27 12:08:09,417 - ERROR - Error in training batch 18400: Expected all tensors to be on the same device, but found at least two devices, mps:0 and cpu!
2025-02-27 12:08:10,815 - ERROR - Error in training batch 18500: Expected all tensors to be on the same device, but found at least two devices, mps:0 and cpu!
2025-02-27 12:08:12,124 - ERROR - Error in training batch 18600: Expected all tensors to be on the same device, but found at least two devices, mps:0 and cpu!
2025-02-27 12:08:13,356 - ERROR - Error in training batch 18700: Expected all tensors to be on the same device, but found at least two devices, mps:0 and cpu!
2025-02-27 12:08:14,601 - ERROR - Error in training batch 18800: Expected all tensors to be on the same device, but found at least two devices, mps:0 and cpu!
2025-02-27 12:08:15,855 - ERROR - Error in training batch 18900: Expected all tensors to be on the same device, but found at least two devices, mps:0 and cpu!
2025-02-27 12:08:17,012 - ERROR - Error in training batch 19000: Expected all tensors to be on the same device, but found at least two devices, mps:0 and cpu!
2025-02-27 12:08:18,342 - ERROR - Error in training batch 19100: Expected all tensors to be on the same device, but found at least two devices, mps:0 and cpu!
2025-02-27 12:08:19,575 - ERROR - Error in training batch 19200: Expected all tensors to be on the same device, but found at least two devices, mps:0 and cpu!
2025-02-27 12:08:20,930 - ERROR - Error in training batch 19300: Expected all tensors to be on the same device, but found at least two devices, mps:0 and cpu!
2025-02-27 12:08:22,165 - ERROR - Error in training batch 19400: Expected all tensors to be on the same device, but found at least two devices, mps:0 and cpu!
2025-02-27 12:08:23,523 - ERROR - Error in training batch 19500: Expected all tensors to be on the same device, but found at least two devices, mps:0 and cpu!
2025-02-27 12:08:24,819 - ERROR - Error in training batch 19600: Expected all tensors to be on the same device, but found at least two devices, mps:0 and cpu!
2025-02-27 12:08:26,216 - ERROR - Error in training batch 19700: Expected all tensors to be on the same device, but found at least two devices, mps:0 and cpu!
2025-02-27 12:08:27,568 - ERROR - Error in training batch 19800: Expected all tensors to be on the same device, but found at least two devices, mps:0 and cpu!
2025-02-27 12:08:28,742 - ERROR - Error in training batch 19900: Expected all tensors to be on the same device, but found at least two devices, mps:0 and cpu!
2025-02-27 12:08:30,103 - ERROR - Error in training batch 20000: Expected all tensors to be on the same device, but found at least two devices, mps:0 and cpu!
2025-02-27 12:08:31,454 - ERROR - Error in training batch 20100: Expected all tensors to be on the same device, but found at least two devices, mps:0 and cpu!
2025-02-27 12:08:32,827 - ERROR - Error in training batch 20200: Expected all tensors to be on the same device, but found at least two devices, mps:0 and cpu!
2025-02-27 12:08:34,094 - ERROR - Error in training batch 20300: Expected all tensors to be on the same device, but found at least two devices, mps:0 and cpu!
2025-02-27 12:08:35,259 - ERROR - Error in training batch 20400: Expected all tensors to be on the same device, but found at least two devices, mps:0 and cpu!
2025-02-27 12:08:36,426 - ERROR - Error in training batch 20500: Expected all tensors to be on the same device, but found at least two devices, mps:0 and cpu!
2025-02-27 12:08:37,647 - ERROR - Error in training batch 20600: Expected all tensors to be on the same device, but found at least two devices, mps:0 and cpu!
2025-02-27 12:08:38,821 - ERROR - Error in training batch 20700: Expected all tensors to be on the same device, but found at least two devices, mps:0 and cpu!
2025-02-27 12:08:39,984 - ERROR - Error in training batch 20800: Expected all tensors to be on the same device, but found at least two devices, mps:0 and cpu!
2025-02-27 12:08:41,157 - ERROR - Error in training batch 20900: Expected all tensors to be on the same device, but found at least two devices, mps:0 and cpu!
2025-02-27 12:08:42,325 - ERROR - Error in training batch 21000: Expected all tensors to be on the same device, but found at least two devices, mps:0 and cpu!
2025-02-27 12:08:43,459 - ERROR - Error in training batch 21100: Expected all tensors to be on the same device, but found at least two devices, mps:0 and cpu!
2025-02-27 12:08:44,596 - ERROR - Error in training batch 21200: Expected all tensors to be on the same device, but found at least two devices, mps:0 and cpu!
2025-02-27 12:08:45,754 - ERROR - Error in training batch 21300: Expected all tensors to be on the same device, but found at least two devices, mps:0 and cpu!
2025-02-27 12:08:46,928 - ERROR - Error in training batch 21400: Expected all tensors to be on the same device, but found at least two devices, mps:0 and cpu!
2025-02-27 12:08:48,117 - ERROR - Error in training batch 21500: Expected all tensors to be on the same device, but found at least two devices, mps:0 and cpu!
2025-02-27 12:08:49,291 - ERROR - Error in training batch 21600: Expected all tensors to be on the same device, but found at least two devices, mps:0 and cpu!
2025-02-27 12:08:50,410 - ERROR - Error in training batch 21700: Expected all tensors to be on the same device, but found at least two devices, mps:0 and cpu!
2025-02-27 12:08:51,592 - ERROR - Error in training batch 21800: Expected all tensors to be on the same device, but found at least two devices, mps:0 and cpu!
2025-02-27 12:08:52,779 - ERROR - Error in training batch 21900: Expected all tensors to be on the same device, but found at least two devices, mps:0 and cpu!
2025-02-27 12:08:53,966 - ERROR - Error in training batch 22000: Expected all tensors to be on the same device, but found at least two devices, mps:0 and cpu!
2025-02-27 12:08:55,146 - ERROR - Error in training batch 22100: Expected all tensors to be on the same device, but found at least two devices, mps:0 and cpu!
2025-02-27 12:08:56,350 - ERROR - Error in training batch 22200: Expected all tensors to be on the same device, but found at least two devices, mps:0 and cpu!
2025-02-27 12:08:57,540 - ERROR - Error in training batch 22300: Expected all tensors to be on the same device, but found at least two devices, mps:0 and cpu!
2025-02-27 12:08:58,810 - ERROR - Error in training batch 22400: Expected all tensors to be on the same device, but found at least two devices, mps:0 and cpu!
2025-02-27 12:09:00,047 - ERROR - Error in training batch 22500: Expected all tensors to be on the same device, but found at least two devices, mps:0 and cpu!
2025-02-27 12:09:01,227 - ERROR - Error in training batch 22600: Expected all tensors to be on the same device, but found at least two devices, mps:0 and cpu!
2025-02-27 12:09:02,415 - ERROR - Error in training batch 22700: Expected all tensors to be on the same device, but found at least two devices, mps:0 and cpu!
2025-02-27 12:09:03,612 - ERROR - Error in training batch 22800: Expected all tensors to be on the same device, but found at least two devices, mps:0 and cpu!
2025-02-27 12:09:04,790 - ERROR - Error in training batch 22900: Expected all tensors to be on the same device, but found at least two devices, mps:0 and cpu!
2025-02-27 12:09:05,956 - ERROR - Error in training batch 23000: Expected all tensors to be on the same device, but found at least two devices, mps:0 and cpu!
2025-02-27 12:09:07,117 - ERROR - Error in training batch 23100: Expected all tensors to be on the same device, but found at least two devices, mps:0 and cpu!
2025-02-27 12:09:08,318 - ERROR - Error in training batch 23200: Expected all tensors to be on the same device, but found at least two devices, mps:0 and cpu!
2025-02-27 12:09:09,503 - ERROR - Error in training batch 23300: Expected all tensors to be on the same device, but found at least two devices, mps:0 and cpu!
2025-02-27 12:09:10,690 - ERROR - Error in training batch 23400: Expected all tensors to be on the same device, but found at least two devices, mps:0 and cpu!
2025-02-27 12:09:11,941 - ERROR - Error in training batch 23500: Expected all tensors to be on the same device, but found at least two devices, mps:0 and cpu!
2025-02-27 12:09:13,118 - ERROR - Error in training batch 23600: Expected all tensors to be on the same device, but found at least two devices, mps:0 and cpu!
2025-02-27 12:09:14,296 - ERROR - Error in training batch 23700: Expected all tensors to be on the same device, but found at least two devices, mps:0 and cpu!
2025-02-27 12:09:15,468 - ERROR - Error in training batch 23800: Expected all tensors to be on the same device, but found at least two devices, mps:0 and cpu!
2025-02-27 12:09:16,658 - ERROR - Error in training batch 23900: Expected all tensors to be on the same device, but found at least two devices, mps:0 and cpu!
2025-02-27 12:09:17,854 - ERROR - Error in training batch 24000: Expected all tensors to be on the same device, but found at least two devices, mps:0 and cpu!
2025-02-27 12:09:19,034 - ERROR - Error in training batch 24100: Expected all tensors to be on the same device, but found at least two devices, mps:0 and cpu!
2025-02-27 12:09:20,201 - ERROR - Error in training batch 24200: Expected all tensors to be on the same device, but found at least two devices, mps:0 and cpu!
2025-02-27 12:09:21,381 - ERROR - Error in training batch 24300: Expected all tensors to be on the same device, but found at least two devices, mps:0 and cpu!
2025-02-27 12:09:22,670 - ERROR - Error in training batch 24400: Expected all tensors to be on the same device, but found at least two devices, mps:0 and cpu!
2025-02-27 12:09:23,885 - ERROR - Error in training batch 24500: Expected all tensors to be on the same device, but found at least two devices, mps:0 and cpu!
2025-02-27 12:09:25,182 - ERROR - Error in training batch 24600: Expected all tensors to be on the same device, but found at least two devices, mps:0 and cpu!
2025-02-27 12:09:26,463 - ERROR - Error in training batch 24700: Expected all tensors to be on the same device, but found at least two devices, mps:0 and cpu!
2025-02-27 12:09:27,873 - ERROR - Error in training batch 24800: Expected all tensors to be on the same device, but found at least two devices, mps:0 and cpu!
2025-02-27 12:09:29,063 - ERROR - Error in training batch 24900: Expected all tensors to be on the same device, but found at least two devices, mps:0 and cpu!
2025-02-27 12:09:30,302 - ERROR - Error in training batch 25000: Expected all tensors to be on the same device, but found at least two devices, mps:0 and cpu!
2025-02-27 12:09:31,531 - ERROR - Error in training batch 25100: Expected all tensors to be on the same device, but found at least two devices, mps:0 and cpu!
2025-02-27 12:09:32,733 - ERROR - Error in training batch 25200: Expected all tensors to be on the same device, but found at least two devices, mps:0 and cpu!
2025-02-27 12:09:33,946 - ERROR - Error in training batch 25300: Expected all tensors to be on the same device, but found at least two devices, mps:0 and cpu!
2025-02-27 12:09:35,208 - ERROR - Error in training batch 25400: Expected all tensors to be on the same device, but found at least two devices, mps:0 and cpu!
2025-02-27 12:09:36,400 - ERROR - Error in training batch 25500: Expected all tensors to be on the same device, but found at least two devices, mps:0 and cpu!
2025-02-27 12:09:37,589 - ERROR - Error in training batch 25600: Expected all tensors to be on the same device, but found at least two devices, mps:0 and cpu!
2025-02-27 12:09:38,783 - ERROR - Error in training batch 25700: Expected all tensors to be on the same device, but found at least two devices, mps:0 and cpu!
2025-02-27 12:09:40,013 - ERROR - Error in training batch 25800: Expected all tensors to be on the same device, but found at least two devices, mps:0 and cpu!
2025-02-27 12:09:41,365 - ERROR - Error in training batch 25900: Expected all tensors to be on the same device, but found at least two devices, mps:0 and cpu!
2025-02-27 12:09:42,675 - ERROR - Error in training batch 26000: Expected all tensors to be on the same device, but found at least two devices, mps:0 and cpu!
2025-02-27 12:09:43,948 - ERROR - Error in training batch 26100: Expected all tensors to be on the same device, but found at least two devices, mps:0 and cpu!
2025-02-27 12:09:45,152 - ERROR - Error in training batch 26200: Expected all tensors to be on the same device, but found at least two devices, mps:0 and cpu!
2025-02-27 12:09:46,417 - ERROR - Error in training batch 26300: Expected all tensors to be on the same device, but found at least two devices, mps:0 and cpu!
2025-02-27 12:09:47,790 - ERROR - Error in training batch 26400: Expected all tensors to be on the same device, but found at least two devices, mps:0 and cpu!
2025-02-27 12:09:49,016 - ERROR - Error in training batch 26500: Expected all tensors to be on the same device, but found at least two devices, mps:0 and cpu!
2025-02-27 12:09:50,188 - ERROR - Error in training batch 26600: Expected all tensors to be on the same device, but found at least two devices, mps:0 and cpu!
2025-02-27 12:09:51,390 - ERROR - Error in training batch 26700: Expected all tensors to be on the same device, but found at least two devices, mps:0 and cpu!
2025-02-27 12:09:52,595 - ERROR - Error in training batch 26800: Expected all tensors to be on the same device, but found at least two devices, mps:0 and cpu!
2025-02-27 12:09:53,796 - ERROR - Error in training batch 26900: Expected all tensors to be on the same device, but found at least two devices, mps:0 and cpu!
2025-02-27 12:09:55,115 - ERROR - Error in training batch 27000: Expected all tensors to be on the same device, but found at least two devices, mps:0 and cpu!
2025-02-27 12:09:56,296 - ERROR - Error in training batch 27100: Expected all tensors to be on the same device, but found at least two devices, mps:0 and cpu!
2025-02-27 12:09:57,500 - ERROR - Error in training batch 27200: Expected all tensors to be on the same device, but found at least two devices, mps:0 and cpu!
2025-02-27 12:09:58,685 - ERROR - Error in training batch 27300: Expected all tensors to be on the same device, but found at least two devices, mps:0 and cpu!
2025-02-27 12:09:59,870 - ERROR - Error in training batch 27400: Expected all tensors to be on the same device, but found at least two devices, mps:0 and cpu!
2025-02-27 12:10:01,104 - ERROR - Error in training batch 27500: Expected all tensors to be on the same device, but found at least two devices, mps:0 and cpu!
2025-02-27 12:10:02,399 - ERROR - Error in training batch 27600: Expected all tensors to be on the same device, but found at least two devices, mps:0 and cpu!
2025-02-27 12:10:03,611 - ERROR - Error in training batch 27700: Expected all tensors to be on the same device, but found at least two devices, mps:0 and cpu!
2025-02-27 12:10:04,792 - ERROR - Error in training batch 27800: Expected all tensors to be on the same device, but found at least two devices, mps:0 and cpu!
2025-02-27 12:10:05,982 - ERROR - Error in training batch 27900: Expected all tensors to be on the same device, but found at least two devices, mps:0 and cpu!
2025-02-27 12:10:07,181 - ERROR - Error in training batch 28000: Expected all tensors to be on the same device, but found at least two devices, mps:0 and cpu!
2025-02-27 12:10:08,329 - ERROR - Error in training batch 28100: Expected all tensors to be on the same device, but found at least two devices, mps:0 and cpu!
2025-02-27 12:10:09,509 - ERROR - Error in training batch 28200: Expected all tensors to be on the same device, but found at least two devices, mps:0 and cpu!
2025-02-27 12:10:10,723 - ERROR - Error in training batch 28300: Expected all tensors to be on the same device, but found at least two devices, mps:0 and cpu!
2025-02-27 12:10:11,913 - ERROR - Error in training batch 28400: Expected all tensors to be on the same device, but found at least two devices, mps:0 and cpu!
2025-02-27 12:10:13,101 - ERROR - Error in training batch 28500: Expected all tensors to be on the same device, but found at least two devices, mps:0 and cpu!
2025-02-27 12:10:14,339 - ERROR - Error in training batch 28600: Expected all tensors to be on the same device, but found at least two devices, mps:0 and cpu!
2025-02-27 12:10:15,515 - ERROR - Error in training batch 28700: Expected all tensors to be on the same device, but found at least two devices, mps:0 and cpu!
2025-02-27 12:10:16,704 - ERROR - Error in training batch 28800: Expected all tensors to be on the same device, but found at least two devices, mps:0 and cpu!
2025-02-27 12:10:17,901 - ERROR - Error in training batch 28900: Expected all tensors to be on the same device, but found at least two devices, mps:0 and cpu!
2025-02-27 12:10:19,127 - ERROR - Error in training batch 29000: Expected all tensors to be on the same device, but found at least two devices, mps:0 and cpu!
2025-02-27 12:10:20,296 - ERROR - Error in training batch 29100: Expected all tensors to be on the same device, but found at least two devices, mps:0 and cpu!
2025-02-27 12:10:21,482 - ERROR - Error in training batch 29200: Expected all tensors to be on the same device, but found at least two devices, mps:0 and cpu!
2025-02-27 12:10:22,724 - ERROR - Error in training batch 29300: Expected all tensors to be on the same device, but found at least two devices, mps:0 and cpu!
2025-02-27 12:10:23,885 - ERROR - Error in training batch 29400: Expected all tensors to be on the same device, but found at least two devices, mps:0 and cpu!
2025-02-27 12:10:25,155 - ERROR - Error in training batch 29500: Expected all tensors to be on the same device, but found at least two devices, mps:0 and cpu!
2025-02-27 12:10:26,380 - ERROR - Error in training batch 29600: Expected all tensors to be on the same device, but found at least two devices, mps:0 and cpu!
2025-02-27 12:10:27,503 - ERROR - Error in training batch 29700: Expected all tensors to be on the same device, but found at least two devices, mps:0 and cpu!
2025-02-27 12:10:28,697 - ERROR - Error in training batch 29800: Expected all tensors to be on the same device, but found at least two devices, mps:0 and cpu!
2025-02-27 12:10:29,884 - ERROR - Error in training batch 29900: Expected all tensors to be on the same device, but found at least two devices, mps:0 and cpu!
2025-02-27 12:10:31,066 - ERROR - Error in training batch 30000: Expected all tensors to be on the same device, but found at least two devices, mps:0 and cpu!
2025-02-27 12:10:32,259 - ERROR - Error in training batch 30100: Expected all tensors to be on the same device, but found at least two devices, mps:0 and cpu!
2025-02-27 12:10:33,433 - ERROR - Error in training batch 30200: Expected all tensors to be on the same device, but found at least two devices, mps:0 and cpu!
2025-02-27 12:10:34,660 - ERROR - Error in training batch 30300: Expected all tensors to be on the same device, but found at least two devices, mps:0 and cpu!
2025-02-27 12:10:35,909 - ERROR - Error in training batch 30400: Expected all tensors to be on the same device, but found at least two devices, mps:0 and cpu!
2025-02-27 12:10:37,093 - ERROR - Error in training batch 30500: Expected all tensors to be on the same device, but found at least two devices, mps:0 and cpu!
2025-02-27 12:10:38,278 - ERROR - Error in training batch 30600: Expected all tensors to be on the same device, but found at least two devices, mps:0 and cpu!
2025-02-27 12:10:39,467 - ERROR - Error in training batch 30700: Expected all tensors to be on the same device, but found at least two devices, mps:0 and cpu!
2025-02-27 12:10:40,658 - ERROR - Error in training batch 30800: Expected all tensors to be on the same device, but found at least two devices, mps:0 and cpu!
2025-02-27 12:10:41,886 - ERROR - Error in training batch 30900: Expected all tensors to be on the same device, but found at least two devices, mps:0 and cpu!
2025-02-27 12:10:43,142 - ERROR - Error in training batch 31000: Expected all tensors to be on the same device, but found at least two devices, mps:0 and cpu!
2025-02-27 12:10:44,322 - ERROR - Error in training batch 31100: Expected all tensors to be on the same device, but found at least two devices, mps:0 and cpu!
2025-02-27 12:10:45,538 - ERROR - Error in training batch 31200: Expected all tensors to be on the same device, but found at least two devices, mps:0 and cpu!
2025-02-27 12:10:46,717 - ERROR - Error in training batch 31300: Expected all tensors to be on the same device, but found at least two devices, mps:0 and cpu!
2025-02-27 12:10:47,947 - ERROR - Error in training batch 31400: Expected all tensors to be on the same device, but found at least two devices, mps:0 and cpu!
2025-02-27 12:10:49,144 - ERROR - Error in training batch 31500: Expected all tensors to be on the same device, but found at least two devices, mps:0 and cpu!
2025-02-27 12:10:50,280 - ERROR - Error in training batch 31600: Expected all tensors to be on the same device, but found at least two devices, mps:0 and cpu!
2025-02-27 12:10:51,459 - ERROR - Error in training batch 31700: Expected all tensors to be on the same device, but found at least two devices, mps:0 and cpu!
2025-02-27 12:10:52,648 - ERROR - Error in training batch 31800: Expected all tensors to be on the same device, but found at least two devices, mps:0 and cpu!
2025-02-27 12:10:53,858 - ERROR - Error in training batch 31900: Expected all tensors to be on the same device, but found at least two devices, mps:0 and cpu!
2025-02-27 12:10:55,059 - ERROR - Error in training batch 32000: Expected all tensors to be on the same device, but found at least two devices, mps:0 and cpu!
2025-02-27 12:10:56,276 - ERROR - Error in training batch 32100: Expected all tensors to be on the same device, but found at least two devices, mps:0 and cpu!
2025-02-27 12:10:57,628 - ERROR - Error in training batch 32200: Expected all tensors to be on the same device, but found at least two devices, mps:0 and cpu!
2025-02-27 12:10:58,859 - ERROR - Error in training batch 32300: Expected all tensors to be on the same device, but found at least two devices, mps:0 and cpu!
2025-02-27 12:11:00,123 - ERROR - Error in training batch 32400: Expected all tensors to be on the same device, but found at least two devices, mps:0 and cpu!
2025-02-27 12:11:01,380 - ERROR - Error in training batch 32500: Expected all tensors to be on the same device, but found at least two devices, mps:0 and cpu!
2025-02-27 12:11:02,578 - ERROR - Error in training batch 32600: Expected all tensors to be on the same device, but found at least two devices, mps:0 and cpu!
2025-02-27 12:11:03,829 - ERROR - Error in training batch 32700: Expected all tensors to be on the same device, but found at least two devices, mps:0 and cpu!
2025-02-27 12:11:05,005 - ERROR - Error in training batch 32800: Expected all tensors to be on the same device, but found at least two devices, mps:0 and cpu!
2025-02-27 12:11:06,232 - ERROR - Error in training batch 32900: Expected all tensors to be on the same device, but found at least two devices, mps:0 and cpu!
2025-02-27 12:11:07,416 - ERROR - Error in training batch 33000: Expected all tensors to be on the same device, but found at least two devices, mps:0 and cpu!
2025-02-27 12:11:08,685 - ERROR - Error in training batch 33100: Expected all tensors to be on the same device, but found at least two devices, mps:0 and cpu!
2025-02-27 12:11:09,875 - ERROR - Error in training batch 33200: Expected all tensors to be on the same device, but found at least two devices, mps:0 and cpu!
2025-02-27 12:11:11,056 - ERROR - Error in training batch 33300: Expected all tensors to be on the same device, but found at least two devices, mps:0 and cpu!
2025-02-27 12:11:12,298 - ERROR - Error in training batch 33400: Expected all tensors to be on the same device, but found at least two devices, mps:0 and cpu!
2025-02-27 12:11:13,511 - ERROR - Error in training batch 33500: Expected all tensors to be on the same device, but found at least two devices, mps:0 and cpu!
2025-02-27 12:11:14,705 - ERROR - Error in training batch 33600: Expected all tensors to be on the same device, but found at least two devices, mps:0 and cpu!
2025-02-27 12:11:15,911 - ERROR - Error in training batch 33700: Expected all tensors to be on the same device, but found at least two devices, mps:0 and cpu!
2025-02-27 12:11:17,155 - ERROR - Error in training batch 33800: Expected all tensors to be on the same device, but found at least two devices, mps:0 and cpu!
2025-02-27 12:11:18,350 - ERROR - Error in training batch 33900: Expected all tensors to be on the same device, but found at least two devices, mps:0 and cpu!
2025-02-27 12:11:19,607 - ERROR - Error in training batch 34000: Expected all tensors to be on the same device, but found at least two devices, mps:0 and cpu!
2025-02-27 12:11:20,812 - ERROR - Error in training batch 34100: Expected all tensors to be on the same device, but found at least two devices, mps:0 and cpu!
2025-02-27 12:11:21,996 - ERROR - Error in training batch 34200: Expected all tensors to be on the same device, but found at least two devices, mps:0 and cpu!
2025-02-27 12:11:23,186 - ERROR - Error in training batch 34300: Expected all tensors to be on the same device, but found at least two devices, mps:0 and cpu!
2025-02-27 12:11:24,366 - ERROR - Error in training batch 34400: Expected all tensors to be on the same device, but found at least two devices, mps:0 and cpu!
2025-02-27 12:11:25,548 - ERROR - Error in training batch 34500: Expected all tensors to be on the same device, but found at least two devices, mps:0 and cpu!
2025-02-27 12:11:26,757 - ERROR - Error in training batch 34600: Expected all tensors to be on the same device, but found at least two devices, mps:0 and cpu!
2025-02-27 12:11:28,046 - ERROR - Error in training batch 34700: Expected all tensors to be on the same device, but found at least two devices, mps:0 and cpu!
2025-02-27 12:11:29,265 - ERROR - Error in training batch 34800: Expected all tensors to be on the same device, but found at least two devices, mps:0 and cpu!
2025-02-27 12:11:30,516 - ERROR - Error in training batch 34900: Expected all tensors to be on the same device, but found at least two devices, mps:0 and cpu!
2025-02-27 12:11:31,705 - ERROR - Error in training batch 35000: Expected all tensors to be on the same device, but found at least two devices, mps:0 and cpu!
2025-02-27 12:11:32,896 - ERROR - Error in training batch 35100: Expected all tensors to be on the same device, but found at least two devices, mps:0 and cpu!
2025-02-27 12:11:34,094 - ERROR - Error in training batch 35200: Expected all tensors to be on the same device, but found at least two devices, mps:0 and cpu!
2025-02-27 12:11:35,324 - ERROR - Error in training batch 35300: Expected all tensors to be on the same device, but found at least two devices, mps:0 and cpu!
2025-02-27 12:11:36,517 - ERROR - Error in training batch 35400: Expected all tensors to be on the same device, but found at least two devices, mps:0 and cpu!
2025-02-27 12:11:37,722 - ERROR - Error in training batch 35500: Expected all tensors to be on the same device, but found at least two devices, mps:0 and cpu!
2025-02-27 12:11:38,919 - ERROR - Error in training batch 35600: Expected all tensors to be on the same device, but found at least two devices, mps:0 and cpu!
2025-02-27 12:11:40,108 - ERROR - Error in training batch 35700: Expected all tensors to be on the same device, but found at least two devices, mps:0 and cpu!
2025-02-27 12:11:41,293 - ERROR - Error in training batch 35800: Expected all tensors to be on the same device, but found at least two devices, mps:0 and cpu!
2025-02-27 12:11:42,522 - ERROR - Error in training batch 35900: Expected all tensors to be on the same device, but found at least two devices, mps:0 and cpu!
2025-02-27 12:11:43,745 - ERROR - Error in training batch 36000: Expected all tensors to be on the same device, but found at least two devices, mps:0 and cpu!
2025-02-27 12:11:44,942 - ERROR - Error in training batch 36100: Expected all tensors to be on the same device, but found at least two devices, mps:0 and cpu!
2025-02-27 12:11:46,116 - ERROR - Error in training batch 36200: Expected all tensors to be on the same device, but found at least two devices, mps:0 and cpu!
2025-02-27 12:11:47,306 - ERROR - Error in training batch 36300: Expected all tensors to be on the same device, but found at least two devices, mps:0 and cpu!
2025-02-27 12:11:48,490 - ERROR - Error in training batch 36400: Expected all tensors to be on the same device, but found at least two devices, mps:0 and cpu!
2025-02-27 12:11:49,692 - ERROR - Error in training batch 36500: Expected all tensors to be on the same device, but found at least two devices, mps:0 and cpu!
2025-02-27 12:11:50,921 - ERROR - Error in training batch 36600: Expected all tensors to be on the same device, but found at least two devices, mps:0 and cpu!
2025-02-27 12:11:52,107 - ERROR - Error in training batch 36700: Expected all tensors to be on the same device, but found at least two devices, mps:0 and cpu!
2025-02-27 12:11:53,360 - ERROR - Error in training batch 36800: Expected all tensors to be on the same device, but found at least two devices, mps:0 and cpu!
2025-02-27 12:11:54,497 - ERROR - Error in training batch 36900: Expected all tensors to be on the same device, but found at least two devices, mps:0 and cpu!
2025-02-27 12:11:55,692 - ERROR - Error in training batch 37000: Expected all tensors to be on the same device, but found at least two devices, mps:0 and cpu!
2025-02-27 12:11:56,879 - ERROR - Error in training batch 37100: Expected all tensors to be on the same device, but found at least two devices, mps:0 and cpu!
2025-02-27 12:11:58,108 - ERROR - Error in training batch 37200: Expected all tensors to be on the same device, but found at least two devices, mps:0 and cpu!
2025-02-27 12:11:59,297 - ERROR - Error in training batch 37300: Expected all tensors to be on the same device, but found at least two devices, mps:0 and cpu!
2025-02-27 12:12:00,455 - ERROR - Error in training batch 37400: Expected all tensors to be on the same device, but found at least two devices, mps:0 and cpu!
2025-02-27 12:12:01,641 - ERROR - Error in training batch 37500: Expected all tensors to be on the same device, but found at least two devices, mps:0 and cpu!
2025-02-27 12:12:02,833 - ERROR - Error in training batch 37600: Expected all tensors to be on the same device, but found at least two devices, mps:0 and cpu!
2025-02-27 12:12:04,024 - ERROR - Error in training batch 37700: Expected all tensors to be on the same device, but found at least two devices, mps:0 and cpu!
2025-02-27 12:12:05,245 - ERROR - Error in training batch 37800: Expected all tensors to be on the same device, but found at least two devices, mps:0 and cpu!
2025-02-27 12:12:06,467 - ERROR - Error in training batch 37900: Expected all tensors to be on the same device, but found at least two devices, mps:0 and cpu!
2025-02-27 12:12:07,663 - ERROR - Error in training batch 38000: Expected all tensors to be on the same device, but found at least two devices, mps:0 and cpu!
2025-02-27 12:12:08,828 - ERROR - Error in training batch 38100: Expected all tensors to be on the same device, but found at least two devices, mps:0 and cpu!
2025-02-27 12:12:09,984 - ERROR - Error in training batch 38200: Expected all tensors to be on the same device, but found at least two devices, mps:0 and cpu!
2025-02-27 12:12:11,156 - ERROR - Error in training batch 38300: Expected all tensors to be on the same device, but found at least two devices, mps:0 and cpu!
2025-02-27 12:12:12,350 - ERROR - Error in training batch 38400: Expected all tensors to be on the same device, but found at least two devices, mps:0 and cpu!
2025-02-27 12:12:13,528 - ERROR - Error in training batch 38500: Expected all tensors to be on the same device, but found at least two devices, mps:0 and cpu!
2025-02-27 12:12:14,744 - ERROR - Error in training batch 38600: Expected all tensors to be on the same device, but found at least two devices, mps:0 and cpu!
2025-02-27 12:12:16,001 - ERROR - Error in training batch 38700: Expected all tensors to be on the same device, but found at least two devices, mps:0 and cpu!
2025-02-27 12:12:17,171 - ERROR - Error in training batch 38800: Expected all tensors to be on the same device, but found at least two devices, mps:0 and cpu!
2025-02-27 12:12:18,360 - ERROR - Error in training batch 38900: Expected all tensors to be on the same device, but found at least two devices, mps:0 and cpu!
2025-02-27 12:12:19,567 - ERROR - Error in training batch 39000: Expected all tensors to be on the same device, but found at least two devices, mps:0 and cpu!
2025-02-27 12:12:20,764 - ERROR - Error in training batch 39100: Expected all tensors to be on the same device, but found at least two devices, mps:0 and cpu!
2025-02-27 12:12:21,991 - ERROR - Error in training batch 39200: Expected all tensors to be on the same device, but found at least two devices, mps:0 and cpu!
2025-02-27 12:12:23,196 - ERROR - Error in training batch 39300: Expected all tensors to be on the same device, but found at least two devices, mps:0 and cpu!
2025-02-27 12:12:24,379 - ERROR - Error in training batch 39400: Expected all tensors to be on the same device, but found at least two devices, mps:0 and cpu!
2025-02-27 12:12:25,570 - ERROR - Error in training batch 39500: Expected all tensors to be on the same device, but found at least two devices, mps:0 and cpu!
2025-02-27 12:12:26,818 - ERROR - Error in training batch 39600: Expected all tensors to be on the same device, but found at least two devices, mps:0 and cpu!
2025-02-27 12:12:28,000 - ERROR - Error in training batch 39700: Expected all tensors to be on the same device, but found at least two devices, mps:0 and cpu!
2025-02-27 12:12:29,232 - ERROR - Error in training batch 39800: Expected all tensors to be on the same device, but found at least two devices, mps:0 and cpu!
2025-02-27 12:12:30,418 - ERROR - Error in training batch 39900: Expected all tensors to be on the same device, but found at least two devices, mps:0 and cpu!
2025-02-27 12:12:31,599 - ERROR - Error in training batch 40000: Expected all tensors to be on the same device, but found at least two devices, mps:0 and cpu!
2025-02-27 12:12:32,794 - ERROR - Error in training batch 40100: Expected all tensors to be on the same device, but found at least two devices, mps:0 and cpu!
2025-02-27 12:12:33,980 - ERROR - Error in training batch 40200: Expected all tensors to be on the same device, but found at least two devices, mps:0 and cpu!
2025-02-27 12:12:35,169 - ERROR - Error in training batch 40300: Expected all tensors to be on the same device, but found at least two devices, mps:0 and cpu!
2025-02-27 12:12:36,397 - ERROR - Error in training batch 40400: Expected all tensors to be on the same device, but found at least two devices, mps:0 and cpu!
2025-02-27 12:12:37,591 - ERROR - Error in training batch 40500: Expected all tensors to be on the same device, but found at least two devices, mps:0 and cpu!
2025-02-27 12:12:38,845 - ERROR - Error in training batch 40600: Expected all tensors to be on the same device, but found at least two devices, mps:0 and cpu!
2025-02-27 12:12:40,018 - ERROR - Error in training batch 40700: Expected all tensors to be on the same device, but found at least two devices, mps:0 and cpu!
2025-02-27 12:12:41,216 - ERROR - Error in training batch 40800: Expected all tensors to be on the same device, but found at least two devices, mps:0 and cpu!
2025-02-27 12:12:42,405 - ERROR - Error in training batch 40900: Expected all tensors to be on the same device, but found at least two devices, mps:0 and cpu!
2025-02-27 12:12:43,615 - ERROR - Error in training batch 41000: Expected all tensors to be on the same device, but found at least two devices, mps:0 and cpu!
2025-02-27 12:12:44,818 - ERROR - Error in training batch 41100: Expected all tensors to be on the same device, but found at least two devices, mps:0 and cpu!
2025-02-27 12:12:46,002 - ERROR - Error in training batch 41200: Expected all tensors to be on the same device, but found at least two devices, mps:0 and cpu!
2025-02-27 12:12:47,197 - ERROR - Error in training batch 41300: Expected all tensors to be on the same device, but found at least two devices, mps:0 and cpu!
2025-02-27 12:12:48,379 - ERROR - Error in training batch 41400: Expected all tensors to be on the same device, but found at least two devices, mps:0 and cpu!
2025-02-27 12:12:49,601 - ERROR - Error in training batch 41500: Expected all tensors to be on the same device, but found at least two devices, mps:0 and cpu!
2025-02-27 12:12:50,740 - ERROR - Error in training batch 41600: Expected all tensors to be on the same device, but found at least two devices, mps:0 and cpu!
2025-02-27 12:12:51,963 - ERROR - Error in training batch 41700: Expected all tensors to be on the same device, but found at least two devices, mps:0 and cpu!
2025-02-27 12:12:53,150 - ERROR - Error in training batch 41800: Expected all tensors to be on the same device, but found at least two devices, mps:0 and cpu!
2025-02-27 12:12:54,350 - ERROR - Error in training batch 41900: Expected all tensors to be on the same device, but found at least two devices, mps:0 and cpu!
2025-02-27 12:12:55,549 - ERROR - Error in training batch 42000: Expected all tensors to be on the same device, but found at least two devices, mps:0 and cpu!
2025-02-27 12:12:56,677 - ERROR - Error in training batch 42100: Expected all tensors to be on the same device, but found at least two devices, mps:0 and cpu!
2025-02-27 12:12:57,875 - ERROR - Error in training batch 42200: Expected all tensors to be on the same device, but found at least two devices, mps:0 and cpu!
2025-02-27 12:12:59,117 - ERROR - Error in training batch 42300: Expected all tensors to be on the same device, but found at least two devices, mps:0 and cpu!
2025-02-27 12:13:00,330 - ERROR - Error in training batch 42400: Expected all tensors to be on the same device, but found at least two devices, mps:0 and cpu!
2025-02-27 12:13:01,557 - ERROR - Error in training batch 42500: Expected all tensors to be on the same device, but found at least two devices, mps:0 and cpu!
2025-02-27 12:13:02,781 - ERROR - Error in training batch 42600: Expected all tensors to be on the same device, but found at least two devices, mps:0 and cpu!
2025-02-27 12:13:04,017 - ERROR - Error in training batch 42700: Expected all tensors to be on the same device, but found at least two devices, mps:0 and cpu!
2025-02-27 12:13:05,215 - ERROR - Error in training batch 42800: Expected all tensors to be on the same device, but found at least two devices, mps:0 and cpu!
2025-02-27 12:13:06,477 - ERROR - Error in training batch 42900: Expected all tensors to be on the same device, but found at least two devices, mps:0 and cpu!
2025-02-27 12:13:07,758 - ERROR - Error in training batch 43000: Expected all tensors to be on the same device, but found at least two devices, mps:0 and cpu!
2025-02-27 12:13:08,944 - ERROR - Error in training batch 43100: Expected all tensors to be on the same device, but found at least two devices, mps:0 and cpu!
2025-02-27 12:13:10,135 - ERROR - Error in training batch 43200: Expected all tensors to be on the same device, but found at least two devices, mps:0 and cpu!
2025-02-27 12:13:11,348 - ERROR - Error in training batch 43300: Expected all tensors to be on the same device, but found at least two devices, mps:0 and cpu!
2025-02-27 12:13:12,563 - ERROR - Error in training batch 43400: Expected all tensors to be on the same device, but found at least two devices, mps:0 and cpu!
2025-02-27 12:13:13,780 - ERROR - Error in training batch 43500: Expected all tensors to be on the same device, but found at least two devices, mps:0 and cpu!
2025-02-27 12:13:14,976 - ERROR - Error in training batch 43600: Expected all tensors to be on the same device, but found at least two devices, mps:0 and cpu!
2025-02-27 12:13:16,158 - ERROR - Error in training batch 43700: Expected all tensors to be on the same device, but found at least two devices, mps:0 and cpu!
2025-02-27 12:13:17,385 - ERROR - Error in training batch 43800: Expected all tensors to be on the same device, but found at least two devices, mps:0 and cpu!
2025-02-27 12:13:18,594 - ERROR - Error in training batch 43900: Expected all tensors to be on the same device, but found at least two devices, mps:0 and cpu!
2025-02-27 12:13:19,785 - ERROR - Error in training batch 44000: Expected all tensors to be on the same device, but found at least two devices, mps:0 and cpu!
2025-02-27 12:14:00,004 - ERROR - Training error: cannot access local variable 'best_val_loss' where it is not associated with a value
