2025-02-27 12:39:20,599 - INFO - Starting training process...
2025-02-27 12:39:20,599 - INFO - Logs will be saved to: logs/training_20250227_123920.log
2025-02-27 12:39:20,599 - INFO - Models will be saved to: models/run_20250227_123920
2025-02-27 12:39:20,599 - INFO - Loading data from full_patient_dataset.csv...
2025-02-27 12:39:23,019 - INFO - Dataset sizes:
2025-02-27 12:39:23,019 - INFO - Training samples: 705217
2025-02-27 12:39:23,019 - INFO - Validation samples: 147939
2025-02-27 12:39:23,019 - INFO - Test samples: 188754
2025-02-27 12:39:23,020 - INFO - Initializing model...
2025-02-27 12:39:23,053 - INFO - Using device: mps
2025-02-27 12:39:23,694 - ERROR - Error in training batch 0: Expected all tensors to be on the same device, but found at least two devices, mps:0 and cpu!
2025-02-27 12:39:24,987 - ERROR - Error in training batch 100: Expected all tensors to be on the same device, but found at least two devices, mps:0 and cpu!
2025-02-27 12:39:26,034 - ERROR - Error in training batch 200: Expected all tensors to be on the same device, but found at least two devices, mps:0 and cpu!
2025-02-27 12:39:27,091 - ERROR - Error in training batch 300: Expected all tensors to be on the same device, but found at least two devices, mps:0 and cpu!
2025-02-27 12:39:28,131 - ERROR - Error in training batch 400: Expected all tensors to be on the same device, but found at least two devices, mps:0 and cpu!
2025-02-27 12:39:29,163 - ERROR - Error in training batch 500: Expected all tensors to be on the same device, but found at least two devices, mps:0 and cpu!
2025-02-27 12:39:30,242 - ERROR - Error in training batch 600: Expected all tensors to be on the same device, but found at least two devices, mps:0 and cpu!
2025-02-27 12:39:31,294 - ERROR - Error in training batch 700: Expected all tensors to be on the same device, but found at least two devices, mps:0 and cpu!
2025-02-27 12:39:32,362 - ERROR - Error in training batch 800: Expected all tensors to be on the same device, but found at least two devices, mps:0 and cpu!
2025-02-27 12:39:33,419 - ERROR - Error in training batch 900: Expected all tensors to be on the same device, but found at least two devices, mps:0 and cpu!
2025-02-27 12:39:34,551 - ERROR - Error in training batch 1000: Expected all tensors to be on the same device, but found at least two devices, mps:0 and cpu!
2025-02-27 12:39:35,618 - ERROR - Error in training batch 1100: Expected all tensors to be on the same device, but found at least two devices, mps:0 and cpu!
2025-02-27 12:39:36,651 - ERROR - Error in training batch 1200: Expected all tensors to be on the same device, but found at least two devices, mps:0 and cpu!
2025-02-27 12:39:37,750 - ERROR - Error in training batch 1300: Expected all tensors to be on the same device, but found at least two devices, mps:0 and cpu!
2025-02-27 12:39:38,859 - ERROR - Error in training batch 1400: Expected all tensors to be on the same device, but found at least two devices, mps:0 and cpu!
2025-02-27 12:39:39,911 - ERROR - Error in training batch 1500: Expected all tensors to be on the same device, but found at least two devices, mps:0 and cpu!
2025-02-27 12:39:40,997 - ERROR - Error in training batch 1600: Expected all tensors to be on the same device, but found at least two devices, mps:0 and cpu!
2025-02-27 12:39:42,074 - ERROR - Error in training batch 1700: Expected all tensors to be on the same device, but found at least two devices, mps:0 and cpu!
2025-02-27 12:39:43,146 - ERROR - Error in training batch 1800: Expected all tensors to be on the same device, but found at least two devices, mps:0 and cpu!
2025-02-27 12:39:44,196 - ERROR - Error in training batch 1900: Expected all tensors to be on the same device, but found at least two devices, mps:0 and cpu!
2025-02-27 12:39:45,324 - ERROR - Error in training batch 2000: Expected all tensors to be on the same device, but found at least two devices, mps:0 and cpu!
2025-02-27 12:39:46,402 - ERROR - Error in training batch 2100: Expected all tensors to be on the same device, but found at least two devices, mps:0 and cpu!
2025-02-27 12:39:47,448 - ERROR - Error in training batch 2200: Expected all tensors to be on the same device, but found at least two devices, mps:0 and cpu!
2025-02-27 12:39:48,516 - ERROR - Error in training batch 2300: Expected all tensors to be on the same device, but found at least two devices, mps:0 and cpu!
2025-02-27 12:39:49,605 - ERROR - Error in training batch 2400: Expected all tensors to be on the same device, but found at least two devices, mps:0 and cpu!
2025-02-27 12:39:50,694 - ERROR - Error in training batch 2500: Expected all tensors to be on the same device, but found at least two devices, mps:0 and cpu!
2025-02-27 12:39:51,702 - ERROR - Error in training batch 2600: Expected all tensors to be on the same device, but found at least two devices, mps:0 and cpu!
2025-02-27 12:39:52,771 - ERROR - Error in training batch 2700: Expected all tensors to be on the same device, but found at least two devices, mps:0 and cpu!
2025-02-27 12:39:53,782 - ERROR - Error in training batch 2800: Expected all tensors to be on the same device, but found at least two devices, mps:0 and cpu!
2025-02-27 12:39:54,795 - ERROR - Error in training batch 2900: Expected all tensors to be on the same device, but found at least two devices, mps:0 and cpu!
2025-02-27 12:39:55,879 - ERROR - Error in training batch 3000: Expected all tensors to be on the same device, but found at least two devices, mps:0 and cpu!
2025-02-27 12:39:56,947 - ERROR - Error in training batch 3100: Expected all tensors to be on the same device, but found at least two devices, mps:0 and cpu!
2025-02-27 12:39:57,975 - ERROR - Error in training batch 3200: Expected all tensors to be on the same device, but found at least two devices, mps:0 and cpu!
2025-02-27 12:39:58,991 - ERROR - Error in training batch 3300: Expected all tensors to be on the same device, but found at least two devices, mps:0 and cpu!
2025-02-27 12:40:00,043 - ERROR - Error in training batch 3400: Expected all tensors to be on the same device, but found at least two devices, mps:0 and cpu!
2025-02-27 12:40:01,110 - ERROR - Error in training batch 3500: Expected all tensors to be on the same device, but found at least two devices, mps:0 and cpu!
2025-02-27 12:40:02,110 - ERROR - Error in training batch 3600: Expected all tensors to be on the same device, but found at least two devices, mps:0 and cpu!
2025-02-27 12:40:03,181 - ERROR - Error in training batch 3700: Expected all tensors to be on the same device, but found at least two devices, mps:0 and cpu!
2025-02-27 12:40:04,224 - ERROR - Error in training batch 3800: Expected all tensors to be on the same device, but found at least two devices, mps:0 and cpu!
2025-02-27 12:40:05,267 - ERROR - Error in training batch 3900: Expected all tensors to be on the same device, but found at least two devices, mps:0 and cpu!
2025-02-27 12:40:06,341 - ERROR - Error in training batch 4000: Expected all tensors to be on the same device, but found at least two devices, mps:0 and cpu!
2025-02-27 12:40:07,374 - ERROR - Error in training batch 4100: Expected all tensors to be on the same device, but found at least two devices, mps:0 and cpu!
2025-02-27 12:40:08,437 - ERROR - Error in training batch 4200: Expected all tensors to be on the same device, but found at least two devices, mps:0 and cpu!
2025-02-27 12:40:09,512 - ERROR - Error in training batch 4300: Expected all tensors to be on the same device, but found at least two devices, mps:0 and cpu!
2025-02-27 12:40:10,538 - ERROR - Error in training batch 4400: Expected all tensors to be on the same device, but found at least two devices, mps:0 and cpu!
2025-02-27 12:40:11,538 - ERROR - Error in training batch 4500: Expected all tensors to be on the same device, but found at least two devices, mps:0 and cpu!
2025-02-27 12:40:12,768 - ERROR - Error in training batch 4600: Expected all tensors to be on the same device, but found at least two devices, mps:0 and cpu!
2025-02-27 12:40:13,781 - ERROR - Error in training batch 4700: Expected all tensors to be on the same device, but found at least two devices, mps:0 and cpu!
2025-02-27 12:40:14,900 - ERROR - Error in training batch 4800: Expected all tensors to be on the same device, but found at least two devices, mps:0 and cpu!
2025-02-27 12:40:16,069 - ERROR - Error in training batch 4900: Expected all tensors to be on the same device, but found at least two devices, mps:0 and cpu!
2025-02-27 12:40:17,178 - ERROR - Error in training batch 5000: Expected all tensors to be on the same device, but found at least two devices, mps:0 and cpu!
2025-02-27 12:40:18,310 - ERROR - Error in training batch 5100: Expected all tensors to be on the same device, but found at least two devices, mps:0 and cpu!
2025-02-27 12:40:19,382 - ERROR - Error in training batch 5200: Expected all tensors to be on the same device, but found at least two devices, mps:0 and cpu!
2025-02-27 12:40:20,478 - ERROR - Error in training batch 5300: Expected all tensors to be on the same device, but found at least two devices, mps:0 and cpu!
2025-02-27 12:40:21,547 - ERROR - Error in training batch 5400: Expected all tensors to be on the same device, but found at least two devices, mps:0 and cpu!
2025-02-27 12:40:22,648 - ERROR - Error in training batch 5500: Expected all tensors to be on the same device, but found at least two devices, mps:0 and cpu!
2025-02-27 12:40:23,840 - ERROR - Error in training batch 5600: Expected all tensors to be on the same device, but found at least two devices, mps:0 and cpu!
2025-02-27 12:40:24,928 - ERROR - Error in training batch 5700: Expected all tensors to be on the same device, but found at least two devices, mps:0 and cpu!
2025-02-27 12:40:26,001 - ERROR - Error in training batch 5800: Expected all tensors to be on the same device, but found at least two devices, mps:0 and cpu!
2025-02-27 12:40:27,082 - ERROR - Error in training batch 5900: Expected all tensors to be on the same device, but found at least two devices, mps:0 and cpu!
2025-02-27 12:40:28,723 - ERROR - Error in training batch 6000: Expected all tensors to be on the same device, but found at least two devices, mps:0 and cpu!
2025-02-27 12:40:29,994 - ERROR - Error in training batch 6100: Expected all tensors to be on the same device, but found at least two devices, mps:0 and cpu!
2025-02-27 12:40:31,090 - ERROR - Error in training batch 6200: Expected all tensors to be on the same device, but found at least two devices, mps:0 and cpu!
2025-02-27 12:40:32,192 - ERROR - Error in training batch 6300: Expected all tensors to be on the same device, but found at least two devices, mps:0 and cpu!
2025-02-27 12:40:33,270 - ERROR - Error in training batch 6400: Expected all tensors to be on the same device, but found at least two devices, mps:0 and cpu!
2025-02-27 12:40:34,315 - ERROR - Error in training batch 6500: Expected all tensors to be on the same device, but found at least two devices, mps:0 and cpu!
2025-02-27 12:40:35,339 - ERROR - Error in training batch 6600: Expected all tensors to be on the same device, but found at least two devices, mps:0 and cpu!
2025-02-27 12:40:36,427 - ERROR - Error in training batch 6700: Expected all tensors to be on the same device, but found at least two devices, mps:0 and cpu!
2025-02-27 12:40:37,514 - ERROR - Error in training batch 6800: Expected all tensors to be on the same device, but found at least two devices, mps:0 and cpu!
2025-02-27 12:40:38,664 - ERROR - Error in training batch 6900: Expected all tensors to be on the same device, but found at least two devices, mps:0 and cpu!
2025-02-27 12:40:39,728 - ERROR - Error in training batch 7000: Expected all tensors to be on the same device, but found at least two devices, mps:0 and cpu!
2025-02-27 12:40:40,772 - ERROR - Error in training batch 7100: Expected all tensors to be on the same device, but found at least two devices, mps:0 and cpu!
2025-02-27 12:40:41,822 - ERROR - Error in training batch 7200: Expected all tensors to be on the same device, but found at least two devices, mps:0 and cpu!
2025-02-27 12:40:42,823 - ERROR - Error in training batch 7300: Expected all tensors to be on the same device, but found at least two devices, mps:0 and cpu!
2025-02-27 12:40:44,014 - ERROR - Error in training batch 7400: Expected all tensors to be on the same device, but found at least two devices, mps:0 and cpu!
2025-02-27 12:40:45,129 - ERROR - Error in training batch 7500: Expected all tensors to be on the same device, but found at least two devices, mps:0 and cpu!
2025-02-27 12:40:46,342 - ERROR - Error in training batch 7600: Expected all tensors to be on the same device, but found at least two devices, mps:0 and cpu!
2025-02-27 12:40:47,399 - ERROR - Error in training batch 7700: Expected all tensors to be on the same device, but found at least two devices, mps:0 and cpu!
2025-02-27 12:40:48,418 - ERROR - Error in training batch 7800: Expected all tensors to be on the same device, but found at least two devices, mps:0 and cpu!
2025-02-27 12:40:49,418 - ERROR - Error in training batch 7900: Expected all tensors to be on the same device, but found at least two devices, mps:0 and cpu!
2025-02-27 12:40:50,585 - ERROR - Error in training batch 8000: Expected all tensors to be on the same device, but found at least two devices, mps:0 and cpu!
2025-02-27 12:40:51,631 - ERROR - Error in training batch 8100: Expected all tensors to be on the same device, but found at least two devices, mps:0 and cpu!
2025-02-27 12:40:52,694 - ERROR - Error in training batch 8200: Expected all tensors to be on the same device, but found at least two devices, mps:0 and cpu!
2025-02-27 12:40:53,770 - ERROR - Error in training batch 8300: Expected all tensors to be on the same device, but found at least two devices, mps:0 and cpu!
2025-02-27 12:40:54,882 - ERROR - Error in training batch 8400: Expected all tensors to be on the same device, but found at least two devices, mps:0 and cpu!
2025-02-27 12:40:55,903 - ERROR - Error in training batch 8500: Expected all tensors to be on the same device, but found at least two devices, mps:0 and cpu!
2025-02-27 12:40:56,950 - ERROR - Error in training batch 8600: Expected all tensors to be on the same device, but found at least two devices, mps:0 and cpu!
2025-02-27 12:40:58,010 - ERROR - Error in training batch 8700: Expected all tensors to be on the same device, but found at least two devices, mps:0 and cpu!
2025-02-27 12:40:59,089 - ERROR - Error in training batch 8800: Expected all tensors to be on the same device, but found at least two devices, mps:0 and cpu!
2025-02-27 12:41:00,166 - ERROR - Error in training batch 8900: Expected all tensors to be on the same device, but found at least two devices, mps:0 and cpu!
2025-02-27 12:41:01,261 - ERROR - Error in training batch 9000: Expected all tensors to be on the same device, but found at least two devices, mps:0 and cpu!
2025-02-27 12:41:02,612 - ERROR - Error in training batch 9100: Expected all tensors to be on the same device, but found at least two devices, mps:0 and cpu!
2025-02-27 12:41:03,605 - ERROR - Error in training batch 9200: Expected all tensors to be on the same device, but found at least two devices, mps:0 and cpu!
2025-02-27 12:41:04,640 - ERROR - Error in training batch 9300: Expected all tensors to be on the same device, but found at least two devices, mps:0 and cpu!
2025-02-27 12:41:05,673 - ERROR - Error in training batch 9400: Expected all tensors to be on the same device, but found at least two devices, mps:0 and cpu!
2025-02-27 12:41:06,686 - ERROR - Error in training batch 9500: Expected all tensors to be on the same device, but found at least two devices, mps:0 and cpu!
2025-02-27 12:41:07,748 - ERROR - Error in training batch 9600: Expected all tensors to be on the same device, but found at least two devices, mps:0 and cpu!
2025-02-27 12:41:08,868 - ERROR - Error in training batch 9700: Expected all tensors to be on the same device, but found at least two devices, mps:0 and cpu!
2025-02-27 12:41:09,855 - ERROR - Error in training batch 9800: Expected all tensors to be on the same device, but found at least two devices, mps:0 and cpu!
2025-02-27 12:41:10,970 - ERROR - Error in training batch 9900: Expected all tensors to be on the same device, but found at least two devices, mps:0 and cpu!
2025-02-27 12:41:12,054 - ERROR - Error in training batch 10000: Expected all tensors to be on the same device, but found at least two devices, mps:0 and cpu!
2025-02-27 12:41:13,058 - ERROR - Error in training batch 10100: Expected all tensors to be on the same device, but found at least two devices, mps:0 and cpu!
2025-02-27 12:41:14,111 - ERROR - Error in training batch 10200: Expected all tensors to be on the same device, but found at least two devices, mps:0 and cpu!
2025-02-27 12:41:15,168 - ERROR - Error in training batch 10300: Expected all tensors to be on the same device, but found at least two devices, mps:0 and cpu!
2025-02-27 12:41:16,193 - ERROR - Error in training batch 10400: Expected all tensors to be on the same device, but found at least two devices, mps:0 and cpu!
2025-02-27 12:41:17,211 - ERROR - Error in training batch 10500: Expected all tensors to be on the same device, but found at least two devices, mps:0 and cpu!
2025-02-27 12:41:18,346 - ERROR - Error in training batch 10600: Expected all tensors to be on the same device, but found at least two devices, mps:0 and cpu!
2025-02-27 12:41:19,430 - ERROR - Error in training batch 10700: Expected all tensors to be on the same device, but found at least two devices, mps:0 and cpu!
2025-02-27 12:41:20,520 - ERROR - Error in training batch 10800: Expected all tensors to be on the same device, but found at least two devices, mps:0 and cpu!
2025-02-27 12:41:21,590 - ERROR - Error in training batch 10900: Expected all tensors to be on the same device, but found at least two devices, mps:0 and cpu!
2025-02-27 12:41:22,628 - ERROR - Error in training batch 11000: Expected all tensors to be on the same device, but found at least two devices, mps:0 and cpu!
2025-02-27 12:41:23,659 - ERROR - Error in training batch 11100: Expected all tensors to be on the same device, but found at least two devices, mps:0 and cpu!
2025-02-27 12:41:24,722 - ERROR - Error in training batch 11200: Expected all tensors to be on the same device, but found at least two devices, mps:0 and cpu!
2025-02-27 12:41:25,953 - ERROR - Error in training batch 11300: Expected all tensors to be on the same device, but found at least two devices, mps:0 and cpu!
2025-02-27 12:41:26,961 - ERROR - Error in training batch 11400: Expected all tensors to be on the same device, but found at least two devices, mps:0 and cpu!
2025-02-27 12:41:28,120 - ERROR - Error in training batch 11500: Expected all tensors to be on the same device, but found at least two devices, mps:0 and cpu!
2025-02-27 12:41:29,182 - ERROR - Error in training batch 11600: Expected all tensors to be on the same device, but found at least two devices, mps:0 and cpu!
2025-02-27 12:41:30,187 - ERROR - Error in training batch 11700: Expected all tensors to be on the same device, but found at least two devices, mps:0 and cpu!
2025-02-27 12:41:31,277 - ERROR - Error in training batch 11800: Expected all tensors to be on the same device, but found at least two devices, mps:0 and cpu!
2025-02-27 12:41:32,360 - ERROR - Error in training batch 11900: Expected all tensors to be on the same device, but found at least two devices, mps:0 and cpu!
2025-02-27 12:41:33,421 - ERROR - Error in training batch 12000: Expected all tensors to be on the same device, but found at least two devices, mps:0 and cpu!
2025-02-27 12:41:34,495 - ERROR - Error in training batch 12100: Expected all tensors to be on the same device, but found at least two devices, mps:0 and cpu!
2025-02-27 12:41:35,570 - ERROR - Error in training batch 12200: Expected all tensors to be on the same device, but found at least two devices, mps:0 and cpu!
2025-02-27 12:41:36,590 - ERROR - Error in training batch 12300: Expected all tensors to be on the same device, but found at least two devices, mps:0 and cpu!
2025-02-27 12:41:37,609 - ERROR - Error in training batch 12400: Expected all tensors to be on the same device, but found at least two devices, mps:0 and cpu!
2025-02-27 12:41:38,636 - ERROR - Error in training batch 12500: Expected all tensors to be on the same device, but found at least two devices, mps:0 and cpu!
2025-02-27 12:41:39,709 - ERROR - Error in training batch 12600: Expected all tensors to be on the same device, but found at least two devices, mps:0 and cpu!
2025-02-27 12:41:40,765 - ERROR - Error in training batch 12700: Expected all tensors to be on the same device, but found at least two devices, mps:0 and cpu!
2025-02-27 12:41:41,866 - ERROR - Error in training batch 12800: Expected all tensors to be on the same device, but found at least two devices, mps:0 and cpu!
2025-02-27 12:41:42,913 - ERROR - Error in training batch 12900: Expected all tensors to be on the same device, but found at least two devices, mps:0 and cpu!
2025-02-27 12:41:43,944 - ERROR - Error in training batch 13000: Expected all tensors to be on the same device, but found at least two devices, mps:0 and cpu!
2025-02-27 12:41:45,008 - ERROR - Error in training batch 13100: Expected all tensors to be on the same device, but found at least two devices, mps:0 and cpu!
2025-02-27 12:41:46,038 - ERROR - Error in training batch 13200: Expected all tensors to be on the same device, but found at least two devices, mps:0 and cpu!
2025-02-27 12:41:47,159 - ERROR - Error in training batch 13300: Expected all tensors to be on the same device, but found at least two devices, mps:0 and cpu!
2025-02-27 12:41:48,237 - ERROR - Error in training batch 13400: Expected all tensors to be on the same device, but found at least two devices, mps:0 and cpu!
2025-02-27 12:41:49,304 - ERROR - Error in training batch 13500: Expected all tensors to be on the same device, but found at least two devices, mps:0 and cpu!
2025-02-27 12:41:50,372 - ERROR - Error in training batch 13600: Expected all tensors to be on the same device, but found at least two devices, mps:0 and cpu!
2025-02-27 12:41:51,472 - ERROR - Error in training batch 13700: Expected all tensors to be on the same device, but found at least two devices, mps:0 and cpu!
2025-02-27 12:41:52,526 - ERROR - Error in training batch 13800: Expected all tensors to be on the same device, but found at least two devices, mps:0 and cpu!
2025-02-27 12:41:53,621 - ERROR - Error in training batch 13900: Expected all tensors to be on the same device, but found at least two devices, mps:0 and cpu!
2025-02-27 12:41:54,689 - ERROR - Error in training batch 14000: Expected all tensors to be on the same device, but found at least two devices, mps:0 and cpu!
2025-02-27 12:41:55,718 - ERROR - Error in training batch 14100: Expected all tensors to be on the same device, but found at least two devices, mps:0 and cpu!
2025-02-27 12:41:56,768 - ERROR - Error in training batch 14200: Expected all tensors to be on the same device, but found at least two devices, mps:0 and cpu!
2025-02-27 12:41:57,820 - ERROR - Error in training batch 14300: Expected all tensors to be on the same device, but found at least two devices, mps:0 and cpu!
2025-02-27 12:41:58,846 - ERROR - Error in training batch 14400: Expected all tensors to be on the same device, but found at least two devices, mps:0 and cpu!
2025-02-27 12:41:59,865 - ERROR - Error in training batch 14500: Expected all tensors to be on the same device, but found at least two devices, mps:0 and cpu!
2025-02-27 12:42:01,000 - ERROR - Error in training batch 14600: Expected all tensors to be on the same device, but found at least two devices, mps:0 and cpu!
2025-02-27 12:42:02,071 - ERROR - Error in training batch 14700: Expected all tensors to be on the same device, but found at least two devices, mps:0 and cpu!
2025-02-27 12:42:03,089 - ERROR - Error in training batch 14800: Expected all tensors to be on the same device, but found at least two devices, mps:0 and cpu!
2025-02-27 12:42:04,134 - ERROR - Error in training batch 14900: Expected all tensors to be on the same device, but found at least two devices, mps:0 and cpu!
2025-02-27 12:42:05,167 - ERROR - Error in training batch 15000: Expected all tensors to be on the same device, but found at least two devices, mps:0 and cpu!
2025-02-27 12:42:06,258 - ERROR - Error in training batch 15100: Expected all tensors to be on the same device, but found at least two devices, mps:0 and cpu!
2025-02-27 12:42:07,327 - ERROR - Error in training batch 15200: Expected all tensors to be on the same device, but found at least two devices, mps:0 and cpu!
2025-02-27 12:42:08,344 - ERROR - Error in training batch 15300: Expected all tensors to be on the same device, but found at least two devices, mps:0 and cpu!
2025-02-27 12:42:09,434 - ERROR - Error in training batch 15400: Expected all tensors to be on the same device, but found at least two devices, mps:0 and cpu!
2025-02-27 12:42:10,461 - ERROR - Error in training batch 15500: Expected all tensors to be on the same device, but found at least two devices, mps:0 and cpu!
2025-02-27 12:42:11,493 - ERROR - Error in training batch 15600: Expected all tensors to be on the same device, but found at least two devices, mps:0 and cpu!
2025-02-27 12:42:12,601 - ERROR - Error in training batch 15700: Expected all tensors to be on the same device, but found at least two devices, mps:0 and cpu!
2025-02-27 12:42:13,661 - ERROR - Error in training batch 15800: Expected all tensors to be on the same device, but found at least two devices, mps:0 and cpu!
2025-02-27 12:42:14,711 - ERROR - Error in training batch 15900: Expected all tensors to be on the same device, but found at least two devices, mps:0 and cpu!
2025-02-27 12:42:15,729 - ERROR - Error in training batch 16000: Expected all tensors to be on the same device, but found at least two devices, mps:0 and cpu!
2025-02-27 12:42:16,770 - ERROR - Error in training batch 16100: Expected all tensors to be on the same device, but found at least two devices, mps:0 and cpu!
2025-02-27 12:42:17,785 - ERROR - Error in training batch 16200: Expected all tensors to be on the same device, but found at least two devices, mps:0 and cpu!
2025-02-27 12:42:18,811 - ERROR - Error in training batch 16300: Expected all tensors to be on the same device, but found at least two devices, mps:0 and cpu!
2025-02-27 12:42:19,884 - ERROR - Error in training batch 16400: Expected all tensors to be on the same device, but found at least two devices, mps:0 and cpu!
2025-02-27 12:42:20,954 - ERROR - Error in training batch 16500: Expected all tensors to be on the same device, but found at least two devices, mps:0 and cpu!
2025-02-27 12:42:22,028 - ERROR - Error in training batch 16600: Expected all tensors to be on the same device, but found at least two devices, mps:0 and cpu!
2025-02-27 12:42:23,037 - ERROR - Error in training batch 16700: Expected all tensors to be on the same device, but found at least two devices, mps:0 and cpu!
2025-02-27 12:42:24,090 - ERROR - Error in training batch 16800: Expected all tensors to be on the same device, but found at least two devices, mps:0 and cpu!
2025-02-27 12:42:25,129 - ERROR - Error in training batch 16900: Expected all tensors to be on the same device, but found at least two devices, mps:0 and cpu!
2025-02-27 12:42:26,180 - ERROR - Error in training batch 17000: Expected all tensors to be on the same device, but found at least two devices, mps:0 and cpu!
2025-02-27 12:42:27,247 - ERROR - Error in training batch 17100: Expected all tensors to be on the same device, but found at least two devices, mps:0 and cpu!
2025-02-27 12:42:28,273 - ERROR - Error in training batch 17200: Expected all tensors to be on the same device, but found at least two devices, mps:0 and cpu!
2025-02-27 12:42:29,310 - ERROR - Error in training batch 17300: Expected all tensors to be on the same device, but found at least two devices, mps:0 and cpu!
2025-02-27 12:42:30,372 - ERROR - Error in training batch 17400: Expected all tensors to be on the same device, but found at least two devices, mps:0 and cpu!
2025-02-27 12:42:31,446 - ERROR - Error in training batch 17500: Expected all tensors to be on the same device, but found at least two devices, mps:0 and cpu!
2025-02-27 12:42:32,494 - ERROR - Error in training batch 17600: Expected all tensors to be on the same device, but found at least two devices, mps:0 and cpu!
2025-02-27 12:42:33,537 - ERROR - Error in training batch 17700: Expected all tensors to be on the same device, but found at least two devices, mps:0 and cpu!
2025-02-27 12:42:34,647 - ERROR - Error in training batch 17800: Expected all tensors to be on the same device, but found at least two devices, mps:0 and cpu!
2025-02-27 12:42:35,709 - ERROR - Error in training batch 17900: Expected all tensors to be on the same device, but found at least two devices, mps:0 and cpu!
2025-02-27 12:42:36,788 - ERROR - Error in training batch 18000: Expected all tensors to be on the same device, but found at least two devices, mps:0 and cpu!
2025-02-27 12:42:37,872 - ERROR - Error in training batch 18100: Expected all tensors to be on the same device, but found at least two devices, mps:0 and cpu!
2025-02-27 12:42:38,885 - ERROR - Error in training batch 18200: Expected all tensors to be on the same device, but found at least two devices, mps:0 and cpu!
2025-02-27 12:42:39,978 - ERROR - Error in training batch 18300: Expected all tensors to be on the same device, but found at least two devices, mps:0 and cpu!
2025-02-27 12:42:40,984 - ERROR - Error in training batch 18400: Expected all tensors to be on the same device, but found at least two devices, mps:0 and cpu!
2025-02-27 12:42:42,083 - ERROR - Error in training batch 18500: Expected all tensors to be on the same device, but found at least two devices, mps:0 and cpu!
2025-02-27 12:42:43,202 - ERROR - Error in training batch 18600: Expected all tensors to be on the same device, but found at least two devices, mps:0 and cpu!
2025-02-27 12:42:44,269 - ERROR - Error in training batch 18700: Expected all tensors to be on the same device, but found at least two devices, mps:0 and cpu!
2025-02-27 12:42:45,327 - ERROR - Error in training batch 18800: Expected all tensors to be on the same device, but found at least two devices, mps:0 and cpu!
2025-02-27 12:42:46,346 - ERROR - Error in training batch 18900: Expected all tensors to be on the same device, but found at least two devices, mps:0 and cpu!
2025-02-27 12:42:47,366 - ERROR - Error in training batch 19000: Expected all tensors to be on the same device, but found at least two devices, mps:0 and cpu!
2025-02-27 12:42:48,405 - ERROR - Error in training batch 19100: Expected all tensors to be on the same device, but found at least two devices, mps:0 and cpu!
2025-02-27 12:42:49,447 - ERROR - Error in training batch 19200: Expected all tensors to be on the same device, but found at least two devices, mps:0 and cpu!
2025-02-27 12:42:50,535 - ERROR - Error in training batch 19300: Expected all tensors to be on the same device, but found at least two devices, mps:0 and cpu!
2025-02-27 12:42:51,739 - ERROR - Error in training batch 19400: Expected all tensors to be on the same device, but found at least two devices, mps:0 and cpu!
2025-02-27 12:42:52,800 - ERROR - Error in training batch 19500: Expected all tensors to be on the same device, but found at least two devices, mps:0 and cpu!
2025-02-27 12:42:53,936 - ERROR - Error in training batch 19600: Expected all tensors to be on the same device, but found at least two devices, mps:0 and cpu!
2025-02-27 12:42:55,041 - ERROR - Error in training batch 19700: Expected all tensors to be on the same device, but found at least two devices, mps:0 and cpu!
2025-02-27 12:42:56,114 - ERROR - Error in training batch 19800: Expected all tensors to be on the same device, but found at least two devices, mps:0 and cpu!
2025-02-27 12:42:57,217 - ERROR - Error in training batch 19900: Expected all tensors to be on the same device, but found at least two devices, mps:0 and cpu!
2025-02-27 12:42:58,361 - ERROR - Error in training batch 20000: Expected all tensors to be on the same device, but found at least two devices, mps:0 and cpu!
2025-02-27 12:42:59,466 - ERROR - Error in training batch 20100: Expected all tensors to be on the same device, but found at least two devices, mps:0 and cpu!
2025-02-27 12:43:00,610 - ERROR - Error in training batch 20200: Expected all tensors to be on the same device, but found at least two devices, mps:0 and cpu!
2025-02-27 12:43:01,773 - ERROR - Error in training batch 20300: Expected all tensors to be on the same device, but found at least two devices, mps:0 and cpu!
2025-02-27 12:43:02,907 - ERROR - Error in training batch 20400: Expected all tensors to be on the same device, but found at least two devices, mps:0 and cpu!
2025-02-27 12:43:04,055 - ERROR - Error in training batch 20500: Expected all tensors to be on the same device, but found at least two devices, mps:0 and cpu!
2025-02-27 12:43:05,145 - ERROR - Error in training batch 20600: Expected all tensors to be on the same device, but found at least two devices, mps:0 and cpu!
2025-02-27 12:43:06,347 - ERROR - Error in training batch 20700: Expected all tensors to be on the same device, but found at least two devices, mps:0 and cpu!
2025-02-27 12:43:07,601 - ERROR - Error in training batch 20800: Expected all tensors to be on the same device, but found at least two devices, mps:0 and cpu!
2025-02-27 12:43:08,773 - ERROR - Error in training batch 20900: Expected all tensors to be on the same device, but found at least two devices, mps:0 and cpu!
2025-02-27 12:43:09,903 - ERROR - Error in training batch 21000: Expected all tensors to be on the same device, but found at least two devices, mps:0 and cpu!
2025-02-27 12:43:11,018 - ERROR - Error in training batch 21100: Expected all tensors to be on the same device, but found at least two devices, mps:0 and cpu!
2025-02-27 12:43:12,135 - ERROR - Error in training batch 21200: Expected all tensors to be on the same device, but found at least two devices, mps:0 and cpu!
2025-02-27 12:43:13,272 - ERROR - Error in training batch 21300: Expected all tensors to be on the same device, but found at least two devices, mps:0 and cpu!
2025-02-27 12:43:14,410 - ERROR - Error in training batch 21400: Expected all tensors to be on the same device, but found at least two devices, mps:0 and cpu!
2025-02-27 12:43:15,603 - ERROR - Error in training batch 21500: Expected all tensors to be on the same device, but found at least two devices, mps:0 and cpu!
2025-02-27 12:43:16,720 - ERROR - Error in training batch 21600: Expected all tensors to be on the same device, but found at least two devices, mps:0 and cpu!
2025-02-27 12:43:17,861 - ERROR - Error in training batch 21700: Expected all tensors to be on the same device, but found at least two devices, mps:0 and cpu!
2025-02-27 12:43:18,960 - ERROR - Error in training batch 21800: Expected all tensors to be on the same device, but found at least two devices, mps:0 and cpu!
2025-02-27 12:43:20,069 - ERROR - Error in training batch 21900: Expected all tensors to be on the same device, but found at least two devices, mps:0 and cpu!
2025-02-27 12:43:21,219 - ERROR - Error in training batch 22000: Expected all tensors to be on the same device, but found at least two devices, mps:0 and cpu!
2025-02-27 12:43:22,323 - ERROR - Error in training batch 22100: Expected all tensors to be on the same device, but found at least two devices, mps:0 and cpu!
2025-02-27 12:43:23,426 - ERROR - Error in training batch 22200: Expected all tensors to be on the same device, but found at least two devices, mps:0 and cpu!
2025-02-27 12:43:24,518 - ERROR - Error in training batch 22300: Expected all tensors to be on the same device, but found at least two devices, mps:0 and cpu!
2025-02-27 12:43:25,680 - ERROR - Error in training batch 22400: Expected all tensors to be on the same device, but found at least two devices, mps:0 and cpu!
2025-02-27 12:43:26,777 - ERROR - Error in training batch 22500: Expected all tensors to be on the same device, but found at least two devices, mps:0 and cpu!
2025-02-27 12:43:27,933 - ERROR - Error in training batch 22600: Expected all tensors to be on the same device, but found at least two devices, mps:0 and cpu!
2025-02-27 12:43:29,026 - ERROR - Error in training batch 22700: Expected all tensors to be on the same device, but found at least two devices, mps:0 and cpu!
2025-02-27 12:43:30,109 - ERROR - Error in training batch 22800: Expected all tensors to be on the same device, but found at least two devices, mps:0 and cpu!
2025-02-27 12:43:31,238 - ERROR - Error in training batch 22900: Expected all tensors to be on the same device, but found at least two devices, mps:0 and cpu!
2025-02-27 12:43:32,332 - ERROR - Error in training batch 23000: Expected all tensors to be on the same device, but found at least two devices, mps:0 and cpu!
2025-02-27 12:43:33,425 - ERROR - Error in training batch 23100: Expected all tensors to be on the same device, but found at least two devices, mps:0 and cpu!
2025-02-27 12:43:34,579 - ERROR - Error in training batch 23200: Expected all tensors to be on the same device, but found at least two devices, mps:0 and cpu!
2025-02-27 12:43:35,667 - ERROR - Error in training batch 23300: Expected all tensors to be on the same device, but found at least two devices, mps:0 and cpu!
2025-02-27 12:43:36,824 - ERROR - Error in training batch 23400: Expected all tensors to be on the same device, but found at least two devices, mps:0 and cpu!
2025-02-27 12:43:37,921 - ERROR - Error in training batch 23500: Expected all tensors to be on the same device, but found at least two devices, mps:0 and cpu!
2025-02-27 12:43:39,018 - ERROR - Error in training batch 23600: Expected all tensors to be on the same device, but found at least two devices, mps:0 and cpu!
2025-02-27 12:43:40,126 - ERROR - Error in training batch 23700: Expected all tensors to be on the same device, but found at least two devices, mps:0 and cpu!
2025-02-27 12:43:41,259 - ERROR - Error in training batch 23800: Expected all tensors to be on the same device, but found at least two devices, mps:0 and cpu!
2025-02-27 12:43:42,528 - ERROR - Error in training batch 23900: Expected all tensors to be on the same device, but found at least two devices, mps:0 and cpu!
2025-02-27 12:43:43,645 - ERROR - Error in training batch 24000: Expected all tensors to be on the same device, but found at least two devices, mps:0 and cpu!
2025-02-27 12:43:44,762 - ERROR - Error in training batch 24100: Expected all tensors to be on the same device, but found at least two devices, mps:0 and cpu!
2025-02-27 12:43:45,853 - ERROR - Error in training batch 24200: Expected all tensors to be on the same device, but found at least two devices, mps:0 and cpu!
2025-02-27 12:43:47,016 - ERROR - Error in training batch 24300: Expected all tensors to be on the same device, but found at least two devices, mps:0 and cpu!
2025-02-27 12:43:48,115 - ERROR - Error in training batch 24400: Expected all tensors to be on the same device, but found at least two devices, mps:0 and cpu!
2025-02-27 12:43:49,230 - ERROR - Error in training batch 24500: Expected all tensors to be on the same device, but found at least two devices, mps:0 and cpu!
2025-02-27 12:43:50,380 - ERROR - Error in training batch 24600: Expected all tensors to be on the same device, but found at least two devices, mps:0 and cpu!
2025-02-27 12:43:51,483 - ERROR - Error in training batch 24700: Expected all tensors to be on the same device, but found at least two devices, mps:0 and cpu!
2025-02-27 12:43:52,580 - ERROR - Error in training batch 24800: Expected all tensors to be on the same device, but found at least two devices, mps:0 and cpu!
2025-02-27 12:43:53,682 - ERROR - Error in training batch 24900: Expected all tensors to be on the same device, but found at least two devices, mps:0 and cpu!
2025-02-27 12:43:54,777 - ERROR - Error in training batch 25000: Expected all tensors to be on the same device, but found at least two devices, mps:0 and cpu!
2025-02-27 12:43:55,885 - ERROR - Error in training batch 25100: Expected all tensors to be on the same device, but found at least two devices, mps:0 and cpu!
2025-02-27 12:43:57,026 - ERROR - Error in training batch 25200: Expected all tensors to be on the same device, but found at least two devices, mps:0 and cpu!
2025-02-27 12:43:58,182 - ERROR - Error in training batch 25300: Expected all tensors to be on the same device, but found at least two devices, mps:0 and cpu!
2025-02-27 12:43:59,277 - ERROR - Error in training batch 25400: Expected all tensors to be on the same device, but found at least two devices, mps:0 and cpu!
2025-02-27 12:44:00,379 - ERROR - Error in training batch 25500: Expected all tensors to be on the same device, but found at least two devices, mps:0 and cpu!
2025-02-27 12:44:01,489 - ERROR - Error in training batch 25600: Expected all tensors to be on the same device, but found at least two devices, mps:0 and cpu!
2025-02-27 12:44:02,571 - ERROR - Error in training batch 25700: Expected all tensors to be on the same device, but found at least two devices, mps:0 and cpu!
2025-02-27 12:44:03,701 - ERROR - Error in training batch 25800: Expected all tensors to be on the same device, but found at least two devices, mps:0 and cpu!
2025-02-27 12:44:04,845 - ERROR - Error in training batch 25900: Expected all tensors to be on the same device, but found at least two devices, mps:0 and cpu!
2025-02-27 12:44:05,947 - ERROR - Error in training batch 26000: Expected all tensors to be on the same device, but found at least two devices, mps:0 and cpu!
2025-02-27 12:44:07,050 - ERROR - Error in training batch 26100: Expected all tensors to be on the same device, but found at least two devices, mps:0 and cpu!
2025-02-27 12:44:08,144 - ERROR - Error in training batch 26200: Expected all tensors to be on the same device, but found at least two devices, mps:0 and cpu!
2025-02-27 12:44:09,298 - ERROR - Error in training batch 26300: Expected all tensors to be on the same device, but found at least two devices, mps:0 and cpu!
2025-02-27 12:44:10,389 - ERROR - Error in training batch 26400: Expected all tensors to be on the same device, but found at least two devices, mps:0 and cpu!
2025-02-27 12:44:11,497 - ERROR - Error in training batch 26500: Expected all tensors to be on the same device, but found at least two devices, mps:0 and cpu!
2025-02-27 12:44:12,652 - ERROR - Error in training batch 26600: Expected all tensors to be on the same device, but found at least two devices, mps:0 and cpu!
2025-02-27 12:44:13,765 - ERROR - Error in training batch 26700: Expected all tensors to be on the same device, but found at least two devices, mps:0 and cpu!
2025-02-27 12:44:14,862 - ERROR - Error in training batch 26800: Expected all tensors to be on the same device, but found at least two devices, mps:0 and cpu!
2025-02-27 12:44:15,970 - ERROR - Error in training batch 26900: Expected all tensors to be on the same device, but found at least two devices, mps:0 and cpu!
2025-02-27 12:44:17,101 - ERROR - Error in training batch 27000: Expected all tensors to be on the same device, but found at least two devices, mps:0 and cpu!
2025-02-27 12:44:18,214 - ERROR - Error in training batch 27100: Expected all tensors to be on the same device, but found at least two devices, mps:0 and cpu!
2025-02-27 12:44:19,350 - ERROR - Error in training batch 27200: Expected all tensors to be on the same device, but found at least two devices, mps:0 and cpu!
2025-02-27 12:44:20,514 - ERROR - Error in training batch 27300: Expected all tensors to be on the same device, but found at least two devices, mps:0 and cpu!
2025-02-27 12:44:21,616 - ERROR - Error in training batch 27400: Expected all tensors to be on the same device, but found at least two devices, mps:0 and cpu!
2025-02-27 12:44:22,726 - ERROR - Error in training batch 27500: Expected all tensors to be on the same device, but found at least two devices, mps:0 and cpu!
2025-02-27 12:44:23,844 - ERROR - Error in training batch 27600: Expected all tensors to be on the same device, but found at least two devices, mps:0 and cpu!
2025-02-27 12:44:24,950 - ERROR - Error in training batch 27700: Expected all tensors to be on the same device, but found at least two devices, mps:0 and cpu!
2025-02-27 12:44:26,050 - ERROR - Error in training batch 27800: Expected all tensors to be on the same device, but found at least two devices, mps:0 and cpu!
2025-02-27 12:44:27,194 - ERROR - Error in training batch 27900: Expected all tensors to be on the same device, but found at least two devices, mps:0 and cpu!
2025-02-27 12:44:28,281 - ERROR - Error in training batch 28000: Expected all tensors to be on the same device, but found at least two devices, mps:0 and cpu!
2025-02-27 12:44:29,392 - ERROR - Error in training batch 28100: Expected all tensors to be on the same device, but found at least two devices, mps:0 and cpu!
2025-02-27 12:44:30,559 - ERROR - Error in training batch 28200: Expected all tensors to be on the same device, but found at least two devices, mps:0 and cpu!
2025-02-27 12:44:31,677 - ERROR - Error in training batch 28300: Expected all tensors to be on the same device, but found at least two devices, mps:0 and cpu!
2025-02-27 12:44:32,798 - ERROR - Error in training batch 28400: Expected all tensors to be on the same device, but found at least two devices, mps:0 and cpu!
2025-02-27 12:44:33,960 - ERROR - Error in training batch 28500: Expected all tensors to be on the same device, but found at least two devices, mps:0 and cpu!
2025-02-27 12:44:35,077 - ERROR - Error in training batch 28600: Expected all tensors to be on the same device, but found at least two devices, mps:0 and cpu!
2025-02-27 12:44:36,179 - ERROR - Error in training batch 28700: Expected all tensors to be on the same device, but found at least two devices, mps:0 and cpu!
2025-02-27 12:44:37,417 - ERROR - Error in training batch 28800: Expected all tensors to be on the same device, but found at least two devices, mps:0 and cpu!
2025-02-27 12:44:38,518 - ERROR - Error in training batch 28900: Expected all tensors to be on the same device, but found at least two devices, mps:0 and cpu!
2025-02-27 12:44:39,642 - ERROR - Error in training batch 29000: Expected all tensors to be on the same device, but found at least two devices, mps:0 and cpu!
2025-02-27 12:44:40,748 - ERROR - Error in training batch 29100: Expected all tensors to be on the same device, but found at least two devices, mps:0 and cpu!
2025-02-27 12:44:41,894 - ERROR - Error in training batch 29200: Expected all tensors to be on the same device, but found at least two devices, mps:0 and cpu!
2025-02-27 12:44:43,000 - ERROR - Error in training batch 29300: Expected all tensors to be on the same device, but found at least two devices, mps:0 and cpu!
2025-02-27 12:44:44,128 - ERROR - Error in training batch 29400: Expected all tensors to be on the same device, but found at least two devices, mps:0 and cpu!
2025-02-27 12:44:45,232 - ERROR - Error in training batch 29500: Expected all tensors to be on the same device, but found at least two devices, mps:0 and cpu!
2025-02-27 12:44:46,328 - ERROR - Error in training batch 29600: Expected all tensors to be on the same device, but found at least two devices, mps:0 and cpu!
2025-02-27 12:44:47,468 - ERROR - Error in training batch 29700: Expected all tensors to be on the same device, but found at least two devices, mps:0 and cpu!
2025-02-27 12:44:48,681 - ERROR - Error in training batch 29800: Expected all tensors to be on the same device, but found at least two devices, mps:0 and cpu!
2025-02-27 12:44:49,815 - ERROR - Error in training batch 29900: Expected all tensors to be on the same device, but found at least two devices, mps:0 and cpu!
2025-02-27 12:44:50,938 - ERROR - Error in training batch 30000: Expected all tensors to be on the same device, but found at least two devices, mps:0 and cpu!
2025-02-27 12:44:52,071 - ERROR - Error in training batch 30100: Expected all tensors to be on the same device, but found at least two devices, mps:0 and cpu!
2025-02-27 12:44:53,196 - ERROR - Error in training batch 30200: Expected all tensors to be on the same device, but found at least two devices, mps:0 and cpu!
2025-02-27 12:44:54,314 - ERROR - Error in training batch 30300: Expected all tensors to be on the same device, but found at least two devices, mps:0 and cpu!
2025-02-27 12:44:55,422 - ERROR - Error in training batch 30400: Expected all tensors to be on the same device, but found at least two devices, mps:0 and cpu!
2025-02-27 12:44:56,558 - ERROR - Error in training batch 30500: Expected all tensors to be on the same device, but found at least two devices, mps:0 and cpu!
2025-02-27 12:44:57,665 - ERROR - Error in training batch 30600: Expected all tensors to be on the same device, but found at least two devices, mps:0 and cpu!
2025-02-27 12:44:58,773 - ERROR - Error in training batch 30700: Expected all tensors to be on the same device, but found at least two devices, mps:0 and cpu!
2025-02-27 12:44:59,938 - ERROR - Error in training batch 30800: Expected all tensors to be on the same device, but found at least two devices, mps:0 and cpu!
2025-02-27 12:45:01,059 - ERROR - Error in training batch 30900: Expected all tensors to be on the same device, but found at least two devices, mps:0 and cpu!
2025-02-27 12:45:02,164 - ERROR - Error in training batch 31000: Expected all tensors to be on the same device, but found at least two devices, mps:0 and cpu!
2025-02-27 12:45:03,290 - ERROR - Error in training batch 31100: Expected all tensors to be on the same device, but found at least two devices, mps:0 and cpu!
2025-02-27 12:45:04,420 - ERROR - Error in training batch 31200: Expected all tensors to be on the same device, but found at least two devices, mps:0 and cpu!
2025-02-27 12:45:05,516 - ERROR - Error in training batch 31300: Expected all tensors to be on the same device, but found at least two devices, mps:0 and cpu!
2025-02-27 12:45:06,603 - ERROR - Error in training batch 31400: Expected all tensors to be on the same device, but found at least two devices, mps:0 and cpu!
2025-02-27 12:45:07,727 - ERROR - Error in training batch 31500: Expected all tensors to be on the same device, but found at least two devices, mps:0 and cpu!
2025-02-27 12:45:08,910 - ERROR - Error in training batch 31600: Expected all tensors to be on the same device, but found at least two devices, mps:0 and cpu!
2025-02-27 12:45:10,107 - ERROR - Error in training batch 31700: Expected all tensors to be on the same device, but found at least two devices, mps:0 and cpu!
2025-02-27 12:45:11,246 - ERROR - Error in training batch 31800: Expected all tensors to be on the same device, but found at least two devices, mps:0 and cpu!
2025-02-27 12:45:12,390 - ERROR - Error in training batch 31900: Expected all tensors to be on the same device, but found at least two devices, mps:0 and cpu!
2025-02-27 12:45:13,562 - ERROR - Error in training batch 32000: Expected all tensors to be on the same device, but found at least two devices, mps:0 and cpu!
2025-02-27 12:45:14,828 - ERROR - Error in training batch 32100: Expected all tensors to be on the same device, but found at least two devices, mps:0 and cpu!
2025-02-27 12:45:16,070 - ERROR - Error in training batch 32200: Expected all tensors to be on the same device, but found at least two devices, mps:0 and cpu!
2025-02-27 12:45:17,281 - ERROR - Error in training batch 32300: Expected all tensors to be on the same device, but found at least two devices, mps:0 and cpu!
2025-02-27 12:45:18,467 - ERROR - Error in training batch 32400: Expected all tensors to be on the same device, but found at least two devices, mps:0 and cpu!
2025-02-27 12:45:19,553 - ERROR - Error in training batch 32500: Expected all tensors to be on the same device, but found at least two devices, mps:0 and cpu!
2025-02-27 12:45:20,669 - ERROR - Error in training batch 32600: Expected all tensors to be on the same device, but found at least two devices, mps:0 and cpu!
